#
# There is insufficient memory for the Java Runtime Environment to continue.
# Native memory allocation (malloc) failed to allocate 2097152 bytes. Error detail: AllocateHeap
# Possible reasons:
#   The system is out of physical RAM or swap space
#   This process is running with CompressedOops enabled, and the Java Heap may be blocking the growth of the native heap
# Possible solutions:
#   Reduce memory load on the system
#   Increase physical memory or swap space
#   Check if swap backing store is full
#   Decrease Java heap size (-Xmx/-Xms)
#   Decrease number of Java threads
#   Decrease Java thread stack sizes (-Xss)
#   Set larger code cache with -XX:ReservedCodeCacheSize=
#   JVM is running with Unscaled Compressed Oops mode in which the Java heap is
#     placed in the first 4GB address space. The Java Heap base address is the
#     maximum limit for the native heap growth. Please use -XX:HeapBaseMinAddress
#     to set the Java Heap base and to place the Java Heap above 4GB virtual address.
# This output file may be truncated or incomplete.
#
#  Out of Memory Error (allocation.cpp:44), pid=19904, tid=26300
#
# JRE version: OpenJDK Runtime Environment Temurin-21.0.8+9 (21.0.8+9) (build 21.0.8+9-LTS)
# Java VM: OpenJDK 64-Bit Server VM Temurin-21.0.8+9 (21.0.8+9-LTS, mixed mode, emulated-client, sharing, tiered, compressed oops, compressed class ptrs, g1 gc, windows-amd64)
# No core dump will be written. Minidumps are not enabled by default on client versions of Windows
#

---------------  S U M M A R Y ------------

Command Line: -Xmx1024m -Dsts.lsp.client=vscode -Dsts.log.file=/dev/null -XX:TieredStopAtLevel=1 -Xlog:jni+resolve=off -Dspring.config.location=file:c:\Users\huill\.vscode\extensions\vmware.vscode-spring-boot-1.56.0\language-server\BOOT-INF\classes\application.properties org.springframework.ide.vscode.boot.app.BootLanguageServerBootApp

Host: Intel(R) Core(TM) i5-10300H CPU @ 2.50GHz, 8 cores, 15G,  Windows 11 , 64 bit Build 26100 (10.0.26100.6725)
Time: Thu Oct 23 05:35:44 2025 Hora est. Pacífico, Sudamérica elapsed time: 6405.839483 seconds (0d 1h 46m 45s)

---------------  T H R E A D  ---------------

Current thread (0x000001bdbc3564b0):  VMThread "VM Thread"          [id=26300, stack(0x00000064bd000000,0x00000064bd100000) (1024K)]

Stack: [0x00000064bd000000,0x00000064bd100000]
Native frames: (J=compiled Java code, j=interpreted, Vv=VM code, C=native code)
V  [jvm.dll+0x6d2449]
V  [jvm.dll+0x8ae341]
V  [jvm.dll+0x8b08be]
V  [jvm.dll+0x8b0fa3]
V  [jvm.dll+0x280c96]
V  [jvm.dll+0xc0347]
V  [jvm.dll+0x3490ae]
V  [jvm.dll+0x343a2e]
V  [jvm.dll+0x32c418]
V  [jvm.dll+0x36e654]
V  [jvm.dll+0x8b6cbf]
V  [jvm.dll+0x8b8044]
V  [jvm.dll+0x8b8580]
V  [jvm.dll+0x8b8823]
V  [jvm.dll+0x857e6b]
V  [jvm.dll+0x6d0b0d]
C  [ucrtbase.dll+0x37b0]
C  [KERNEL32.DLL+0x2e8d7]
C  [ntdll.dll+0x8c53c]

VM_Operation (0x00000064be6fed80): G1CollectFull, mode: safepoint, requested by thread 0x000001bdfee7cdc0


---------------  P R O C E S S  ---------------

Threads class SMR info:
_java_thread_list=0x000001bd84143100, length=26, elements={
0x000001bdbc36a9c0, 0x000001bdbc36e590, 0x000001bdbc371b60, 0x000001bdbc372d50,
0x000001bdbc373a00, 0x000001bdbc375af0, 0x000001bdbc3768f0, 0x000001bdbc4f7be0,
0x000001bdbc502af0, 0x000001bdfee7c760, 0x000001bdfee7cdc0, 0x000001bdfe4664c0,
0x000001bdb21765b0, 0x000001bdff0674b0, 0x000001bd840c1fe0, 0x000001bd84138e80,
0x000001bd8413a900, 0x000001bd8413bf70, 0x000001bd8413f410, 0x000001bd8413ed80,
0x000001bd8413e6f0, 0x000001bd8413d340, 0x000001bd8413d9d0, 0x000001bd8413e060,
0x000001bd841485e0, 0x000001bd8414a020
}

Java Threads: ( => current thread )
  0x000001bdbc36a9c0 JavaThread "Reference Handler"          daemon [_thread_blocked, id=20212, stack(0x00000064bd100000,0x00000064bd200000) (1024K)]
  0x000001bdbc36e590 JavaThread "Finalizer"                  daemon [_thread_blocked, id=17052, stack(0x00000064bd200000,0x00000064bd300000) (1024K)]
  0x000001bdbc371b60 JavaThread "Signal Dispatcher"          daemon [_thread_blocked, id=28040, stack(0x00000064bd300000,0x00000064bd400000) (1024K)]
  0x000001bdbc372d50 JavaThread "Attach Listener"            daemon [_thread_blocked, id=27188, stack(0x00000064bd400000,0x00000064bd500000) (1024K)]
  0x000001bdbc373a00 JavaThread "Service Thread"             daemon [_thread_blocked, id=8572, stack(0x00000064bd500000,0x00000064bd600000) (1024K)]
  0x000001bdbc375af0 JavaThread "Monitor Deflation Thread"   daemon [_thread_blocked, id=1784, stack(0x00000064bd600000,0x00000064bd700000) (1024K)]
  0x000001bdbc3768f0 JavaThread "C1 CompilerThread0"         daemon [_thread_blocked, id=23808, stack(0x00000064bd700000,0x00000064bd800000) (1024K)]
  0x000001bdbc4f7be0 JavaThread "Notification Thread"        daemon [_thread_blocked, id=11104, stack(0x00000064bd900000,0x00000064bda00000) (1024K)]
  0x000001bdbc502af0 JavaThread "Common-Cleaner"             daemon [_thread_blocked, id=33716, stack(0x00000064bda00000,0x00000064bdb00000) (1024K)]
  0x000001bdfee7c760 JavaThread "boundedElastic-evictor-1"   daemon [_thread_blocked, id=29932, stack(0x00000064be500000,0x00000064be600000) (1024K)]
  0x000001bdfee7cdc0 JavaThread "pool-12-thread-1"                  [_thread_blocked, id=27772, stack(0x00000064be600000,0x00000064be700000) (1024K)]
  0x000001bdfe4664c0 JavaThread "LanguageServerApp-lifecycle"        [_thread_blocked, id=29516, stack(0x00000064be700000,0x00000064be800000) (1024K)]
  0x000001bdb21765b0 JavaThread "DestroyJavaVM"                     [_thread_blocked, id=364, stack(0x00000064bc900000,0x00000064bca00000) (1024K)]
  0x000001bdff0674b0 JavaThread "pool-13-thread-1"                  [_thread_in_native, id=33524, stack(0x00000064be800000,0x00000064be900000) (1024K)]
  0x000001bd840c1fe0 JavaThread "Simple-Language-Server main thread" daemon [_thread_blocked, id=22944, stack(0x00000064be900000,0x00000064bea00000) (1024K)]
  0x000001bd84138e80 JavaThread "parallel-1"                 daemon [_thread_blocked, id=3460, stack(0x00000064bea00000,0x00000064beb00000) (1024K)]
  0x000001bd8413a900 JavaThread "parallel-2"                 daemon [_thread_blocked, id=34676, stack(0x00000064beb00000,0x00000064bec00000) (1024K)]
  0x000001bd8413bf70 JavaThread "pool-7-thread-1"                   [_thread_blocked, id=6620, stack(0x00000064bec00000,0x00000064bed00000) (1024K)]
  0x000001bd8413f410 JavaThread "parallel-3"                 daemon [_thread_blocked, id=26224, stack(0x00000064bed00000,0x00000064bee00000) (1024K)]
  0x000001bd8413ed80 JavaThread "parallel-4"                 daemon [_thread_blocked, id=22656, stack(0x00000064bee00000,0x00000064bef00000) (1024K)]
  0x000001bd8413e6f0 JavaThread "parallel-5"                 daemon [_thread_blocked, id=22376, stack(0x00000064bef00000,0x00000064bf000000) (1024K)]
  0x000001bd8413d340 JavaThread "pool-5-thread-1"                   [_thread_blocked, id=16580, stack(0x00000064bf300000,0x00000064bf400000) (1024K)]
  0x000001bd8413d9d0 JavaThread "parallel-6"                 daemon [_thread_blocked, id=7076, stack(0x00000064bf400000,0x00000064bf500000) (1024K)]
  0x000001bd8413e060 JavaThread "parallel-7"                 daemon [_thread_blocked, id=31608, stack(0x00000064bf500000,0x00000064bf600000) (1024K)]
  0x000001bd841485e0 JavaThread "parallel-8"                 daemon [_thread_blocked, id=10200, stack(0x00000064bf600000,0x00000064bf700000) (1024K)]
  0x000001bd8414a020 JavaThread "Reconciler-1"               daemon [_thread_blocked, id=19064, stack(0x00000064bf700000,0x00000064bf800000) (1024K)]
Total: 26

Other Threads:
=>0x000001bdbc3564b0 VMThread "VM Thread"                           [id=26300, stack(0x00000064bd000000,0x00000064bd100000) (1024K)]
  0x000001bdbc33c810 WatcherThread "VM Periodic Task Thread"        [id=34748, stack(0x00000064bcf00000,0x00000064bd000000) (1024K)]
  0x000001bdb21ae9f0 WorkerThread "GC Thread#0"                     [id=21644, stack(0x00000064bca00000,0x00000064bcb00000) (1024K)]
  0x000001bdbcef6100 WorkerThread "GC Thread#1"                     [id=33940, stack(0x00000064bdb00000,0x00000064bdc00000) (1024K)]
  0x000001bdbcef68b0 WorkerThread "GC Thread#2"                     [id=14716, stack(0x00000064bdc00000,0x00000064bdd00000) (1024K)]
  0x000001bdbcef6c50 WorkerThread "GC Thread#3"                     [id=21812, stack(0x00000064bdd00000,0x00000064bde00000) (1024K)]
  0x000001bdbcef6ff0 WorkerThread "GC Thread#4"                     [id=33396, stack(0x00000064bde00000,0x00000064bdf00000) (1024K)]
  0x000001bdbce99d00 WorkerThread "GC Thread#5"                     [id=912, stack(0x00000064bdf00000,0x00000064be000000) (1024K)]
  0x000001bdfe9d02d0 WorkerThread "GC Thread#6"                     [id=25336, stack(0x00000064be300000,0x00000064be400000) (1024K)]
  0x000001bdfe9d0670 WorkerThread "GC Thread#7"                     [id=34248, stack(0x00000064be400000,0x00000064be500000) (1024K)]
  0x000001bdb21b8760 ConcurrentGCThread "G1 Main Marker"            [id=5804, stack(0x00000064bcb00000,0x00000064bcc00000) (1024K)]
  0x000001bdb21b9170 WorkerThread "G1 Conc#0"                       [id=32472, stack(0x00000064bcc00000,0x00000064bcd00000) (1024K)]
  0x000001bdfe9d1890 WorkerThread "G1 Conc#1"                       [id=26316, stack(0x00000064be200000,0x00000064be300000) (1024K)]
  0x000001bdb222e960 ConcurrentGCThread "G1 Refine#0"               [id=23316, stack(0x00000064bcd00000,0x00000064bce00000) (1024K)]
  0x000001bdbc212660 ConcurrentGCThread "G1 Service"                [id=21952, stack(0x00000064bce00000,0x00000064bcf00000) (1024K)]
Total: 15

Threads with active compile tasks:
Total: 0

VM state: at safepoint (normal execution)

VM Mutex/Monitor currently owned by a thread:  ([mutex/lock_event])
[0x00007ffcbf095458] Threads_lock - owner thread: 0x000001bdbc3564b0
[0x00007ffcbf095558] Heap_lock - owner thread: 0x000001bdfee7cdc0

Heap address: 0x00000000c0000000, size: 1024 MB, Compressed Oops mode: 32-bit

CDS archive(s) mapped at: [0x000001bdbd000000-0x000001bdbdba0000-0x000001bdbdba0000), size 12189696, SharedBaseAddress: 0x000001bdbd000000, ArchiveRelocationMode: 1.
Compressed class space mapped at: 0x000001bdbe000000-0x000001bdfe000000, reserved size: 1073741824
Narrow klass base: 0x000001bdbd000000, Narrow klass shift: 0, Narrow klass range: 0x100000000

GC Precious Log:
 CardTable entry size: 512
 Card Set container configuration: InlinePtr #cards 5 size 8 Array Of Cards #cards 12 size 40 Howl #buckets 4 coarsen threshold 1843 Howl Bitmap #cards 512 size 80 coarsen threshold 460 Card regions per heap region 1 cards per card region 2048
 CPUs: 8 total, 8 available
 Memory: 16221M
 Large Page Support: Disabled
 NUMA Support: Disabled
 Compressed Oops: Enabled (32-bit)
 Heap Region Size: 1M
 Heap Min Capacity: 8M
 Heap Initial Capacity: 254M
 Heap Max Capacity: 1G
 Pre-touch: Disabled
 Parallel Workers: 8
 Concurrent Workers: 2
 Concurrent Refinement Workers: 8
 Periodic GC: Disabled

Heap:
 garbage-first heap   total 89088K, used 25740K [0x00000000c0000000, 0x0000000100000000)
  region size 1024K, 1 young (1024K), 0 survivors (0K)
 Metaspace       used 34446K, committed 35328K, reserved 1114112K
  class space    used 4647K, committed 4992K, reserved 1048576K

Heap Regions: E=young(eden), S=young(survivor), O=old, HS=humongous(starts), HC=humongous(continues), CS=collection set, F=free, TAMS=top-at-mark-start, PB=parsable bottom
|   0|0x00000000c0000000, 0x00000000c0100000, 0x00000000c0100000|100%|HS|  |TAMS 0x00000000c0000000| PB 0x00000000c0000000| Untracked 
|   1|0x00000000c0100000, 0x00000000c0200000, 0x00000000c0200000|100%|HC|  |TAMS 0x00000000c0100000| PB 0x00000000c0100000| Untracked 
|   2|0x00000000c0200000, 0x00000000c0300000, 0x00000000c0300000|100%|HC|  |TAMS 0x00000000c0200000| PB 0x00000000c0200000| Untracked 
|   3|0x00000000c0300000, 0x00000000c0400000, 0x00000000c0400000|100%|HC|  |TAMS 0x00000000c0300000| PB 0x00000000c0300000| Untracked 
|   4|0x00000000c0400000, 0x00000000c0500000, 0x00000000c0500000|100%|HS|  |TAMS 0x00000000c0400000| PB 0x00000000c0400000| Untracked 
|   5|0x00000000c0500000, 0x00000000c0600000, 0x00000000c0600000|100%|HC|  |TAMS 0x00000000c0500000| PB 0x00000000c0500000| Untracked 
|   6|0x00000000c0600000, 0x00000000c0700000, 0x00000000c0700000|100%| O|  |TAMS 0x00000000c0600000| PB 0x00000000c0600000| Untracked 
|   7|0x00000000c0700000, 0x00000000c07f7f78, 0x00000000c0800000| 96%| O|  |TAMS 0x00000000c0700000| PB 0x00000000c0700000| Untracked 
|   8|0x00000000c0800000, 0x00000000c0900000, 0x00000000c0900000|100%| O|  |TAMS 0x00000000c0800000| PB 0x00000000c0800000| Untracked 
|   9|0x00000000c0900000, 0x00000000c09fffe8, 0x00000000c0a00000| 99%| O|  |TAMS 0x00000000c0900000| PB 0x00000000c0900000| Untracked 
|  10|0x00000000c0a00000, 0x00000000c0b00000, 0x00000000c0b00000|100%| O|  |TAMS 0x00000000c0a00000| PB 0x00000000c0a00000| Untracked 
|  11|0x00000000c0b00000, 0x00000000c0c00000, 0x00000000c0c00000|100%| O|  |TAMS 0x00000000c0b00000| PB 0x00000000c0b00000| Untracked 
|  12|0x00000000c0c00000, 0x00000000c0d00000, 0x00000000c0d00000|100%| O|  |TAMS 0x00000000c0c00000| PB 0x00000000c0c00000| Untracked 
|  13|0x00000000c0d00000, 0x00000000c0dfffc8, 0x00000000c0e00000| 99%| O|  |TAMS 0x00000000c0d00000| PB 0x00000000c0d00000| Untracked 
|  14|0x00000000c0e00000, 0x00000000c0f00000, 0x00000000c0f00000|100%| O|  |TAMS 0x00000000c0e00000| PB 0x00000000c0e00000| Untracked 
|  15|0x00000000c0f00000, 0x00000000c0fffff0, 0x00000000c1000000| 99%| O|  |TAMS 0x00000000c0f00000| PB 0x00000000c0f00000| Untracked 
|  16|0x00000000c1000000, 0x00000000c10ffff0, 0x00000000c1100000| 99%| O|  |TAMS 0x00000000c1000000| PB 0x00000000c1000000| Untracked 
|  17|0x00000000c1100000, 0x00000000c11ff930, 0x00000000c1200000| 99%| O|  |TAMS 0x00000000c1100000| PB 0x00000000c1100000| Untracked 
|  18|0x00000000c1200000, 0x00000000c12ffff8, 0x00000000c1300000| 99%| O|  |TAMS 0x00000000c1200000| PB 0x00000000c1200000| Untracked 
|  19|0x00000000c1300000, 0x00000000c1400000, 0x00000000c1400000|100%| O|  |TAMS 0x00000000c1300000| PB 0x00000000c1300000| Untracked 
|  20|0x00000000c1400000, 0x00000000c14fffe0, 0x00000000c1500000| 99%| O|  |TAMS 0x00000000c1400000| PB 0x00000000c1400000| Untracked 
|  21|0x00000000c1500000, 0x00000000c15ffff8, 0x00000000c1600000| 99%| O|  |TAMS 0x00000000c1500000| PB 0x00000000c1500000| Untracked 
|  22|0x00000000c1600000, 0x00000000c16fff08, 0x00000000c1700000| 99%| O|  |TAMS 0x00000000c1600000| PB 0x00000000c1600000| Untracked 
|  23|0x00000000c1700000, 0x00000000c17fff98, 0x00000000c1800000| 99%| O|  |TAMS 0x00000000c1700000| PB 0x00000000c1700000| Untracked 
|  24|0x00000000c1800000, 0x00000000c1863920, 0x00000000c1900000| 38%| O|  |TAMS 0x00000000c1800000| PB 0x00000000c1800000| Untracked 
|  25|0x00000000c1900000, 0x00000000c19c8238, 0x00000000c1a00000| 78%| O|  |TAMS 0x00000000c1900000| PB 0x00000000c1900000| Untracked 
|  26|0x00000000c1a00000, 0x00000000c1a00000, 0x00000000c1b00000|  0%| F|  |TAMS 0x00000000c1a00000| PB 0x00000000c1a00000| Untracked 
|  27|0x00000000c1b00000, 0x00000000c1b00000, 0x00000000c1c00000|  0%| F|  |TAMS 0x00000000c1b00000| PB 0x00000000c1b00000| Untracked 
|  28|0x00000000c1c00000, 0x00000000c1c00000, 0x00000000c1d00000|  0%| F|  |TAMS 0x00000000c1c00000| PB 0x00000000c1c00000| Untracked 
|  29|0x00000000c1d00000, 0x00000000c1d00000, 0x00000000c1e00000|  0%| F|  |TAMS 0x00000000c1d00000| PB 0x00000000c1d00000| Untracked 
|  30|0x00000000c1e00000, 0x00000000c1e00000, 0x00000000c1f00000|  0%| F|  |TAMS 0x00000000c1e00000| PB 0x00000000c1e00000| Untracked 
|  31|0x00000000c1f00000, 0x00000000c1f00000, 0x00000000c2000000|  0%| F|  |TAMS 0x00000000c1f00000| PB 0x00000000c1f00000| Untracked 
|  32|0x00000000c2000000, 0x00000000c2000000, 0x00000000c2100000|  0%| F|  |TAMS 0x00000000c2000000| PB 0x00000000c2000000| Untracked 
|  33|0x00000000c2100000, 0x00000000c2100000, 0x00000000c2200000|  0%| F|  |TAMS 0x00000000c2100000| PB 0x00000000c2100000| Untracked 
|  34|0x00000000c2200000, 0x00000000c2200000, 0x00000000c2300000|  0%| F|  |TAMS 0x00000000c2200000| PB 0x00000000c2200000| Untracked 
|  35|0x00000000c2300000, 0x00000000c2300000, 0x00000000c2400000|  0%| F|  |TAMS 0x00000000c2300000| PB 0x00000000c2300000| Untracked 
|  36|0x00000000c2400000, 0x00000000c2400000, 0x00000000c2500000|  0%| F|  |TAMS 0x00000000c2400000| PB 0x00000000c2400000| Untracked 
|  37|0x00000000c2500000, 0x00000000c2500000, 0x00000000c2600000|  0%| F|  |TAMS 0x00000000c2500000| PB 0x00000000c2500000| Untracked 
|  38|0x00000000c2600000, 0x00000000c2600000, 0x00000000c2700000|  0%| F|  |TAMS 0x00000000c2600000| PB 0x00000000c2600000| Untracked 
|  39|0x00000000c2700000, 0x00000000c2700000, 0x00000000c2800000|  0%| F|  |TAMS 0x00000000c2700000| PB 0x00000000c2700000| Untracked 
|  40|0x00000000c2800000, 0x00000000c2800000, 0x00000000c2900000|  0%| F|  |TAMS 0x00000000c2800000| PB 0x00000000c2800000| Untracked 
|  41|0x00000000c2900000, 0x00000000c2900000, 0x00000000c2a00000|  0%| F|  |TAMS 0x00000000c2900000| PB 0x00000000c2900000| Untracked 
|  42|0x00000000c2a00000, 0x00000000c2a00000, 0x00000000c2b00000|  0%| F|  |TAMS 0x00000000c2a00000| PB 0x00000000c2a00000| Untracked 
|  43|0x00000000c2b00000, 0x00000000c2b00000, 0x00000000c2c00000|  0%| F|  |TAMS 0x00000000c2b00000| PB 0x00000000c2b00000| Untracked 
|  44|0x00000000c2c00000, 0x00000000c2c00000, 0x00000000c2d00000|  0%| F|  |TAMS 0x00000000c2c00000| PB 0x00000000c2c00000| Untracked 
|  45|0x00000000c2d00000, 0x00000000c2d00000, 0x00000000c2e00000|  0%| F|  |TAMS 0x00000000c2d00000| PB 0x00000000c2d00000| Untracked 
|  46|0x00000000c2e00000, 0x00000000c2e00000, 0x00000000c2f00000|  0%| F|  |TAMS 0x00000000c2e00000| PB 0x00000000c2e00000| Untracked 
|  47|0x00000000c2f00000, 0x00000000c2f00000, 0x00000000c3000000|  0%| F|  |TAMS 0x00000000c2f00000| PB 0x00000000c2f00000| Untracked 
|  48|0x00000000c3000000, 0x00000000c3000000, 0x00000000c3100000|  0%| F|  |TAMS 0x00000000c3000000| PB 0x00000000c3000000| Untracked 
|  49|0x00000000c3100000, 0x00000000c3100000, 0x00000000c3200000|  0%| F|  |TAMS 0x00000000c3100000| PB 0x00000000c3100000| Untracked 
|  50|0x00000000c3200000, 0x00000000c3200000, 0x00000000c3300000|  0%| F|  |TAMS 0x00000000c3200000| PB 0x00000000c3200000| Untracked 
|  51|0x00000000c3300000, 0x00000000c3300000, 0x00000000c3400000|  0%| F|  |TAMS 0x00000000c3300000| PB 0x00000000c3300000| Untracked 
|  52|0x00000000c3400000, 0x00000000c3400000, 0x00000000c3500000|  0%| F|  |TAMS 0x00000000c3400000| PB 0x00000000c3400000| Untracked 
|  53|0x00000000c3500000, 0x00000000c3500000, 0x00000000c3600000|  0%| F|  |TAMS 0x00000000c3500000| PB 0x00000000c3500000| Untracked 
|  54|0x00000000c3600000, 0x00000000c3600000, 0x00000000c3700000|  0%| F|  |TAMS 0x00000000c3600000| PB 0x00000000c3600000| Untracked 
|  55|0x00000000c3700000, 0x00000000c3700000, 0x00000000c3800000|  0%| F|  |TAMS 0x00000000c3700000| PB 0x00000000c3700000| Untracked 
|  56|0x00000000c3800000, 0x00000000c3800000, 0x00000000c3900000|  0%| F|  |TAMS 0x00000000c3800000| PB 0x00000000c3800000| Untracked 
|  57|0x00000000c3900000, 0x00000000c3900000, 0x00000000c3a00000|  0%| F|  |TAMS 0x00000000c3900000| PB 0x00000000c3900000| Untracked 
|  58|0x00000000c3a00000, 0x00000000c3a00000, 0x00000000c3b00000|  0%| F|  |TAMS 0x00000000c3a00000| PB 0x00000000c3a00000| Untracked 
|  59|0x00000000c3b00000, 0x00000000c3b00000, 0x00000000c3c00000|  0%| F|  |TAMS 0x00000000c3b00000| PB 0x00000000c3b00000| Untracked 
|  60|0x00000000c3c00000, 0x00000000c3c00000, 0x00000000c3d00000|  0%| F|  |TAMS 0x00000000c3c00000| PB 0x00000000c3c00000| Untracked 
|  61|0x00000000c3d00000, 0x00000000c3d00000, 0x00000000c3e00000|  0%| F|  |TAMS 0x00000000c3d00000| PB 0x00000000c3d00000| Untracked 
|  62|0x00000000c3e00000, 0x00000000c3e00000, 0x00000000c3f00000|  0%| F|  |TAMS 0x00000000c3e00000| PB 0x00000000c3e00000| Untracked 
|  63|0x00000000c3f00000, 0x00000000c3f00000, 0x00000000c4000000|  0%| F|  |TAMS 0x00000000c3f00000| PB 0x00000000c3f00000| Untracked 
|  64|0x00000000c4000000, 0x00000000c4000000, 0x00000000c4100000|  0%| F|  |TAMS 0x00000000c4000000| PB 0x00000000c4000000| Untracked 
|  65|0x00000000c4100000, 0x00000000c4100000, 0x00000000c4200000|  0%| F|  |TAMS 0x00000000c4100000| PB 0x00000000c4100000| Untracked 
|  66|0x00000000c4200000, 0x00000000c4200000, 0x00000000c4300000|  0%| F|  |TAMS 0x00000000c4200000| PB 0x00000000c4200000| Untracked 
|  67|0x00000000c4300000, 0x00000000c4300000, 0x00000000c4400000|  0%| F|  |TAMS 0x00000000c4300000| PB 0x00000000c4300000| Untracked 
|  68|0x00000000c4400000, 0x00000000c4400000, 0x00000000c4500000|  0%| F|  |TAMS 0x00000000c4400000| PB 0x00000000c4400000| Untracked 
|  69|0x00000000c4500000, 0x00000000c4500000, 0x00000000c4600000|  0%| F|  |TAMS 0x00000000c4500000| PB 0x00000000c4500000| Untracked 
|  70|0x00000000c4600000, 0x00000000c4600000, 0x00000000c4700000|  0%| F|  |TAMS 0x00000000c4600000| PB 0x00000000c4600000| Untracked 
|  71|0x00000000c4700000, 0x00000000c4700000, 0x00000000c4800000|  0%| F|  |TAMS 0x00000000c4700000| PB 0x00000000c4700000| Untracked 
|  72|0x00000000c4800000, 0x00000000c4800000, 0x00000000c4900000|  0%| F|  |TAMS 0x00000000c4800000| PB 0x00000000c4800000| Untracked 
|  73|0x00000000c4900000, 0x00000000c4900000, 0x00000000c4a00000|  0%| F|  |TAMS 0x00000000c4900000| PB 0x00000000c4900000| Untracked 
|  74|0x00000000c4a00000, 0x00000000c4a00000, 0x00000000c4b00000|  0%| F|  |TAMS 0x00000000c4a00000| PB 0x00000000c4a00000| Untracked 
|  75|0x00000000c4b00000, 0x00000000c4b00000, 0x00000000c4c00000|  0%| F|  |TAMS 0x00000000c4b00000| PB 0x00000000c4b00000| Untracked 
|  76|0x00000000c4c00000, 0x00000000c4c00000, 0x00000000c4d00000|  0%| F|  |TAMS 0x00000000c4c00000| PB 0x00000000c4c00000| Untracked 
|  77|0x00000000c4d00000, 0x00000000c4d00000, 0x00000000c4e00000|  0%| F|  |TAMS 0x00000000c4d00000| PB 0x00000000c4d00000| Untracked 
|  78|0x00000000c4e00000, 0x00000000c4e00000, 0x00000000c4f00000|  0%| F|  |TAMS 0x00000000c4e00000| PB 0x00000000c4e00000| Untracked 
|  79|0x00000000c4f00000, 0x00000000c4f00000, 0x00000000c5000000|  0%| F|  |TAMS 0x00000000c4f00000| PB 0x00000000c4f00000| Untracked 
|  80|0x00000000c5000000, 0x00000000c5000000, 0x00000000c5100000|  0%| F|  |TAMS 0x00000000c5000000| PB 0x00000000c5000000| Untracked 
|  81|0x00000000c5100000, 0x00000000c5100000, 0x00000000c5200000|  0%| F|  |TAMS 0x00000000c5100000| PB 0x00000000c5100000| Untracked 
|  82|0x00000000c5200000, 0x00000000c5200000, 0x00000000c5300000|  0%| F|  |TAMS 0x00000000c5200000| PB 0x00000000c5200000| Untracked 
|  83|0x00000000c5300000, 0x00000000c5300000, 0x00000000c5400000|  0%| F|  |TAMS 0x00000000c5300000| PB 0x00000000c5300000| Untracked 
|  84|0x00000000c5400000, 0x00000000c5400000, 0x00000000c5500000|  0%| F|  |TAMS 0x00000000c5400000| PB 0x00000000c5400000| Untracked 
|  85|0x00000000c5500000, 0x00000000c5500000, 0x00000000c5600000|  0%| F|  |TAMS 0x00000000c5500000| PB 0x00000000c5500000| Untracked 
|  86|0x00000000c5600000, 0x00000000c5642f20, 0x00000000c5700000| 26%| E|  |TAMS 0x00000000c5600000| PB 0x00000000c5600000| Complete 

Card table byte_map: [0x000001bdb8670000,0x000001bdb8870000] _byte_map_base: 0x000001bdb8070000

Marking Bits: (CMBitMap*) 0x000001bdb21af000
 Bits: [0x000001bdb8870000, 0x000001bdb9870000)

Polling page: 0x000001bdb18c0000

Metaspace:

Usage:
  Non-class:     29.10 MB used.
      Class:      4.54 MB used.
       Both:     33.64 MB used.

Virtual space:
  Non-class space:       64.00 MB reserved,      29.62 MB ( 46%) committed,  1 nodes.
      Class space:        1.00 GB reserved,       4.88 MB ( <1%) committed,  1 nodes.
             Both:        1.06 GB reserved,      34.50 MB (  3%) committed. 

Chunk freelists:
   Non-Class:  2.44 MB
       Class:  11.23 MB
        Both:  13.67 MB

MaxMetaspaceSize: unlimited
CompressedClassSpaceSize: 1.00 GB
Initial GC threshold: 21.00 MB
Current GC threshold: 57.50 MB
CDS: on
 - commit_granule_bytes: 65536.
 - commit_granule_words: 8192.
 - virtual_space_node_default_size: 8388608.
 - enlarge_chunks_in_place: 1.
 - use_allocation_guard: 0.


Internal statistics:

num_allocs_failed_limit: 3.
num_arena_births: 868.
num_arena_deaths: 348.
num_vsnodes_births: 2.
num_vsnodes_deaths: 0.
num_space_committed: 551.
num_space_uncommitted: 0.
num_chunks_returned_to_freelist: 409.
num_chunks_taken_from_freelist: 2230.
num_chunk_merges: 85.
num_chunk_splits: 1448.
num_chunks_enlarged: 1027.
num_inconsistent_stats: 0.

CodeCache: size=49152Kb used=8132Kb max_used=9317Kb free=41019Kb
 bounds [0x000001bdb5360000, 0x000001bdb5cb0000, 0x000001bdb8360000]
 total_blobs=4956, nmethods=4383, adapters=497, full_count=0
Compilation: enabled, stopped_count=0, restarted_count=0

Compilation events (20 events):
Event: 4136.414 Thread 0x000001bdbc3768f0 4435   !   1       java.io.FileOutputStream::close (69 bytes)
Event: 4136.414 Thread 0x000001bdbc3768f0 nmethod 4435 0x000001bdb54cf190 code [0x000001bdb54cf360, 0x000001bdb54cf6f0]
Event: 4136.414 Thread 0x000001bdbc3768f0 4436       1       java.io.FileOutputStream$1::<init> (10 bytes)
Event: 4136.414 Thread 0x000001bdbc3768f0 nmethod 4436 0x000001bdb54cee90 code [0x000001bdb54cf020, 0x000001bdb54cf130]
Event: 4136.415 Thread 0x000001bdbc3768f0 4437       1       java.io.FileOutputStream$1::close (11 bytes)
Event: 4136.415 Thread 0x000001bdbc3768f0 nmethod 4437 0x000001bdb54ce810 code [0x000001bdb54ce9e0, 0x000001bdb54ced20]
Event: 5458.097 Thread 0x000001bdbc3768f0 4440       1       java.lang.ProcessImpl$2::run (242 bytes)
Event: 5458.101 Thread 0x000001bdbc3768f0 nmethod 4440 0x000001bdb54cd310 code [0x000001bdb54cd5c0, 0x000001bdb54ce230]
Event: 5458.101 Thread 0x000001bdbc3768f0 4441       1       java.io.BufferedOutputStream::<init> (12 bytes)
Event: 5458.102 Thread 0x000001bdbc3768f0 nmethod 4441 0x000001bdb54ccf10 code [0x000001bdb54cd0c0, 0x000001bdb54cd248]
Event: 5458.102 Thread 0x000001bdbc3768f0 4442       1       java.io.BufferedOutputStream::initialBufferSize (23 bytes)
Event: 5458.103 Thread 0x000001bdbc3768f0 nmethod 4442 0x000001bdb54ccb90 code [0x000001bdb54ccd40, 0x000001bdb54ccea0]
Event: 5458.103 Thread 0x000001bdbc3768f0 4443       1       sun.util.logging.internal.LoggingProviderImpl$JULWrapper::isLoggable (12 bytes)
Event: 5458.104 Thread 0x000001bdbc3768f0 nmethod 4443 0x000001bdb54cc790 code [0x000001bdb54cc940, 0x000001bdb54cca68]
Event: 5458.104 Thread 0x000001bdbc3768f0 4444       1       sun.util.logging.internal.LoggingProviderImpl$JULWrapper::toJUL (40 bytes)
Event: 5458.104 Thread 0x000001bdbc3768f0 nmethod 4444 0x000001bdb54cc410 code [0x000001bdb54cc5c0, 0x000001bdb54cc6d8]
Event: 5458.104 Thread 0x000001bdbc3768f0 4445       1       java.util.logging.Logger::isLoggable (27 bytes)
Event: 5458.104 Thread 0x000001bdbc3768f0 nmethod 4445 0x000001bdb54cc090 code [0x000001bdb54cc240, 0x000001bdb54cc360]
Event: 5458.105 Thread 0x000001bdbc3768f0 4446   !   1       java.lang.ProcessImpl::waitFor (159 bytes)
Event: 5458.107 Thread 0x000001bdbc3768f0 nmethod 4446 0x000001bdb54cb610 code [0x000001bdb54cb860, 0x000001bdb54cbd48]

GC Heap History (20 events):
Event: 6301.372 GC heap after
{Heap after GC invocations=472 (full 466):
 garbage-first heap   total 89088K, used 25740K [0x00000000c0000000, 0x0000000100000000)
  region size 1024K, 0 young (0K), 0 survivors (0K)
 Metaspace       used 34446K, committed 35328K, reserved 1114112K
  class space    used 4647K, committed 4992K, reserved 1048576K
}
Event: 6311.607 GC heap before
{Heap before GC invocations=472 (full 466):
 garbage-first heap   total 89088K, used 25740K [0x00000000c0000000, 0x0000000100000000)
  region size 1024K, 1 young (1024K), 0 survivors (0K)
 Metaspace       used 34446K, committed 35328K, reserved 1114112K
  class space    used 4647K, committed 4992K, reserved 1048576K
}
Event: 6311.626 GC heap after
{Heap after GC invocations=473 (full 467):
 garbage-first heap   total 89088K, used 25740K [0x00000000c0000000, 0x0000000100000000)
  region size 1024K, 0 young (0K), 0 survivors (0K)
 Metaspace       used 34446K, committed 35328K, reserved 1114112K
  class space    used 4647K, committed 4992K, reserved 1048576K
}
Event: 6321.891 GC heap before
{Heap before GC invocations=473 (full 467):
 garbage-first heap   total 89088K, used 25740K [0x00000000c0000000, 0x0000000100000000)
  region size 1024K, 1 young (1024K), 0 survivors (0K)
 Metaspace       used 34446K, committed 35328K, reserved 1114112K
  class space    used 4647K, committed 4992K, reserved 1048576K
}
Event: 6321.909 GC heap after
{Heap after GC invocations=474 (full 468):
 garbage-first heap   total 89088K, used 25740K [0x00000000c0000000, 0x0000000100000000)
  region size 1024K, 0 young (0K), 0 survivors (0K)
 Metaspace       used 34446K, committed 35328K, reserved 1114112K
  class space    used 4647K, committed 4992K, reserved 1048576K
}
Event: 6332.160 GC heap before
{Heap before GC invocations=474 (full 468):
 garbage-first heap   total 89088K, used 25740K [0x00000000c0000000, 0x0000000100000000)
  region size 1024K, 1 young (1024K), 0 survivors (0K)
 Metaspace       used 34446K, committed 35328K, reserved 1114112K
  class space    used 4647K, committed 4992K, reserved 1048576K
}
Event: 6332.179 GC heap after
{Heap after GC invocations=475 (full 469):
 garbage-first heap   total 89088K, used 25740K [0x00000000c0000000, 0x0000000100000000)
  region size 1024K, 0 young (0K), 0 survivors (0K)
 Metaspace       used 34446K, committed 35328K, reserved 1114112K
  class space    used 4647K, committed 4992K, reserved 1048576K
}
Event: 6342.413 GC heap before
{Heap before GC invocations=475 (full 469):
 garbage-first heap   total 89088K, used 25740K [0x00000000c0000000, 0x0000000100000000)
  region size 1024K, 1 young (1024K), 0 survivors (0K)
 Metaspace       used 34446K, committed 35328K, reserved 1114112K
  class space    used 4647K, committed 4992K, reserved 1048576K
}
Event: 6342.436 GC heap after
{Heap after GC invocations=476 (full 470):
 garbage-first heap   total 89088K, used 25740K [0x00000000c0000000, 0x0000000100000000)
  region size 1024K, 0 young (0K), 0 survivors (0K)
 Metaspace       used 34446K, committed 35328K, reserved 1114112K
  class space    used 4647K, committed 4992K, reserved 1048576K
}
Event: 6352.700 GC heap before
{Heap before GC invocations=476 (full 470):
 garbage-first heap   total 89088K, used 25740K [0x00000000c0000000, 0x0000000100000000)
  region size 1024K, 1 young (1024K), 0 survivors (0K)
 Metaspace       used 34446K, committed 35328K, reserved 1114112K
  class space    used 4647K, committed 4992K, reserved 1048576K
}
Event: 6352.719 GC heap after
{Heap after GC invocations=477 (full 471):
 garbage-first heap   total 89088K, used 25740K [0x00000000c0000000, 0x0000000100000000)
  region size 1024K, 0 young (0K), 0 survivors (0K)
 Metaspace       used 34446K, committed 35328K, reserved 1114112K
  class space    used 4647K, committed 4992K, reserved 1048576K
}
Event: 6362.860 GC heap before
{Heap before GC invocations=477 (full 471):
 garbage-first heap   total 89088K, used 25740K [0x00000000c0000000, 0x0000000100000000)
  region size 1024K, 1 young (1024K), 0 survivors (0K)
 Metaspace       used 34446K, committed 35328K, reserved 1114112K
  class space    used 4647K, committed 4992K, reserved 1048576K
}
Event: 6362.878 GC heap after
{Heap after GC invocations=478 (full 472):
 garbage-first heap   total 89088K, used 25740K [0x00000000c0000000, 0x0000000100000000)
  region size 1024K, 0 young (0K), 0 survivors (0K)
 Metaspace       used 34446K, committed 35328K, reserved 1114112K
  class space    used 4647K, committed 4992K, reserved 1048576K
}
Event: 6373.114 GC heap before
{Heap before GC invocations=478 (full 472):
 garbage-first heap   total 89088K, used 25740K [0x00000000c0000000, 0x0000000100000000)
  region size 1024K, 1 young (1024K), 0 survivors (0K)
 Metaspace       used 34446K, committed 35328K, reserved 1114112K
  class space    used 4647K, committed 4992K, reserved 1048576K
}
Event: 6373.142 GC heap after
{Heap after GC invocations=479 (full 473):
 garbage-first heap   total 89088K, used 25740K [0x00000000c0000000, 0x0000000100000000)
  region size 1024K, 0 young (0K), 0 survivors (0K)
 Metaspace       used 34446K, committed 35328K, reserved 1114112K
  class space    used 4647K, committed 4992K, reserved 1048576K
}
Event: 6383.444 GC heap before
{Heap before GC invocations=479 (full 473):
 garbage-first heap   total 89088K, used 25740K [0x00000000c0000000, 0x0000000100000000)
  region size 1024K, 1 young (1024K), 0 survivors (0K)
 Metaspace       used 34446K, committed 35328K, reserved 1114112K
  class space    used 4647K, committed 4992K, reserved 1048576K
}
Event: 6383.463 GC heap after
{Heap after GC invocations=480 (full 474):
 garbage-first heap   total 89088K, used 25740K [0x00000000c0000000, 0x0000000100000000)
  region size 1024K, 0 young (0K), 0 survivors (0K)
 Metaspace       used 34446K, committed 35328K, reserved 1114112K
  class space    used 4647K, committed 4992K, reserved 1048576K
}
Event: 6393.760 GC heap before
{Heap before GC invocations=480 (full 474):
 garbage-first heap   total 89088K, used 25740K [0x00000000c0000000, 0x0000000100000000)
  region size 1024K, 1 young (1024K), 0 survivors (0K)
 Metaspace       used 34446K, committed 35328K, reserved 1114112K
  class space    used 4647K, committed 4992K, reserved 1048576K
}
Event: 6393.779 GC heap after
{Heap after GC invocations=481 (full 475):
 garbage-first heap   total 89088K, used 25740K [0x00000000c0000000, 0x0000000100000000)
  region size 1024K, 0 young (0K), 0 survivors (0K)
 Metaspace       used 34446K, committed 35328K, reserved 1114112K
  class space    used 4647K, committed 4992K, reserved 1048576K
}
Event: 6404.822 GC heap before
{Heap before GC invocations=481 (full 475):
 garbage-first heap   total 89088K, used 25740K [0x00000000c0000000, 0x0000000100000000)
  region size 1024K, 1 young (1024K), 0 survivors (0K)
 Metaspace       used 34446K, committed 35328K, reserved 1114112K
  class space    used 4647K, committed 4992K, reserved 1048576K
}

Dll operation events (9 events):
Event: 0.048 Loaded shared library c:\Users\huill\.vscode\extensions\redhat.java-1.46.0-win32-x64\jre\21.0.8-win32-x86_64\bin\java.dll
Event: 0.383 Loaded shared library c:\Users\huill\.vscode\extensions\redhat.java-1.46.0-win32-x64\jre\21.0.8-win32-x86_64\bin\zip.dll
Event: 0.647 Loaded shared library C:\Users\huill\.vscode\extensions\redhat.java-1.46.0-win32-x64\jre\21.0.8-win32-x86_64\bin\net.dll
Event: 0.649 Loaded shared library C:\Users\huill\.vscode\extensions\redhat.java-1.46.0-win32-x64\jre\21.0.8-win32-x86_64\bin\nio.dll
Event: 1.044 Loaded shared library C:\Users\huill\.vscode\extensions\redhat.java-1.46.0-win32-x64\jre\21.0.8-win32-x86_64\bin\zip.dll
Event: 7.769 Loaded shared library C:\Users\huill\.vscode\extensions\redhat.java-1.46.0-win32-x64\jre\21.0.8-win32-x86_64\bin\jimage.dll
Event: 9.385 Loaded shared library c:\Users\huill\.vscode\extensions\redhat.java-1.46.0-win32-x64\jre\21.0.8-win32-x86_64\bin\verify.dll
Event: 14.586 Loaded shared library C:\Users\huill\.vscode\extensions\redhat.java-1.46.0-win32-x64\jre\21.0.8-win32-x86_64\bin\management.dll
Event: 14.588 Loaded shared library C:\Users\huill\.vscode\extensions\redhat.java-1.46.0-win32-x64\jre\21.0.8-win32-x86_64\bin\management_ext.dll

Deoptimization events (2 events):
Event: 134.902 Thread 0x000001bdff0674b0 DEOPT PACKING pc=0x000001bdb5a4e6dc sp=0x00000064be8feae0
Event: 134.902 Thread 0x000001bdff0674b0 DEOPT UNPACKING pc=0x000001bdb53b4e42 sp=0x00000064be8fdf98 mode 0

Classes loaded (20 events):
Event: 15.754 Loading class java/util/EmptyStackException
Event: 15.754 Loading class java/util/EmptyStackException done
Event: 15.762 Loading class java/io/InvalidClassException
Event: 15.762 Loading class java/io/InvalidClassException done
Event: 15.777 Loading class java/util/ArrayList$ListItr
Event: 15.777 Loading class java/util/ArrayList$ListItr done
Event: 54.605 Loading class java/lang/ProcessBuilder
Event: 54.605 Loading class java/lang/ProcessBuilder done
Event: 54.606 Loading class java/lang/ProcessImpl
Event: 54.606 Loading class java/lang/ProcessImpl done
Event: 54.623 Loading class java/lang/ProcessImpl$2
Event: 54.623 Loading class java/lang/ProcessImpl$2 done
Event: 54.623 Loading class java/lang/Process$PipeInputStream
Event: 54.623 Loading class java/lang/Process$PipeInputStream done
Event: 54.625 Loading class jdk/internal/event/ProcessStartEvent
Event: 54.625 Loading class jdk/internal/event/ProcessStartEvent done
Event: 54.856 Loading class java/io/FileOutputStream$1
Event: 54.856 Loading class java/io/FileOutputStream$1 done
Event: 228.712 Loading class sun/nio/fs/WindowsException
Event: 228.713 Loading class sun/nio/fs/WindowsException done

Classes unloaded (20 events):
Event: 96.102 Thread 0x000001bdbc3564b0 Unloading class 0x000001bdbe016c00 'java/lang/invoke/LambdaForm$MH+0x000001bdbe016c00'
Event: 96.102 Thread 0x000001bdbc3564b0 Unloading class 0x000001bdbe016800 'java/lang/invoke/LambdaForm$MH+0x000001bdbe016800'
Event: 96.102 Thread 0x000001bdbc3564b0 Unloading class 0x000001bdbe014000 'java/lang/invoke/LambdaForm$MH+0x000001bdbe014000'
Event: 96.102 Thread 0x000001bdbc3564b0 Unloading class 0x000001bdbe010400 'java/lang/invoke/LambdaForm$MH+0x000001bdbe010400'
Event: 228.247 Thread 0x000001bdbc3564b0 Unloading class 0x000001bdbe494000 'java/lang/invoke/LambdaForm$MH+0x000001bdbe494000'
Event: 228.247 Thread 0x000001bdbc3564b0 Unloading class 0x000001bdbe494800 'java/lang/invoke/LambdaForm$MH+0x000001bdbe494800'
Event: 228.247 Thread 0x000001bdbc3564b0 Unloading class 0x000001bdbe495800 'java/lang/invoke/LambdaForm$MH+0x000001bdbe495800'
Event: 228.247 Thread 0x000001bdbc3564b0 Unloading class 0x000001bdbe49c800 'java/lang/invoke/LambdaForm$MH+0x000001bdbe49c800'
Event: 228.247 Thread 0x000001bdbc3564b0 Unloading class 0x000001bdbe49e400 'java/lang/invoke/LambdaForm$MH+0x000001bdbe49e400'
Event: 309.614 Thread 0x000001bdbc3564b0 Unloading class 0x000001bdbe44cc00 'java/lang/invoke/LambdaForm$MH+0x000001bdbe44cc00'
Event: 309.614 Thread 0x000001bdbc3564b0 Unloading class 0x000001bdbe44ec00 'java/lang/invoke/LambdaForm$MH+0x000001bdbe44ec00'
Event: 309.614 Thread 0x000001bdbc3564b0 Unloading class 0x000001bdbe49c800 'java/lang/invoke/LambdaForm$MH+0x000001bdbe49c800'
Event: 309.614 Thread 0x000001bdbc3564b0 Unloading class 0x000001bdbe495800 'java/lang/invoke/LambdaForm$BMH+0x000001bdbe495800'
Event: 309.614 Thread 0x000001bdbc3564b0 Unloading class 0x000001bdbe494800 'java/lang/invoke/LambdaForm$MH+0x000001bdbe494800'
Event: 309.614 Thread 0x000001bdbc3564b0 Unloading class 0x000001bdbe494000 'java/lang/invoke/LambdaForm$MH+0x000001bdbe494000'
Event: 2113.490 Thread 0x000001bdbc3564b0 Unloading class 0x000001bdbe43a400 'java/lang/invoke/LambdaForm$MH+0x000001bdbe43a400'
Event: 2113.490 Thread 0x000001bdbc3564b0 Unloading class 0x000001bdbe43ac00 'java/lang/invoke/LambdaForm$MH+0x000001bdbe43ac00'
Event: 2113.490 Thread 0x000001bdbc3564b0 Unloading class 0x000001bdbe494000 'java/lang/invoke/LambdaForm$MH+0x000001bdbe494000'
Event: 2113.490 Thread 0x000001bdbc3564b0 Unloading class 0x000001bdbe495800 'java/lang/invoke/LambdaForm$MH+0x000001bdbe495800'
Event: 2113.490 Thread 0x000001bdbc3564b0 Unloading class 0x000001bdbe44ec00 'java/lang/invoke/LambdaForm$MH+0x000001bdbe44ec00'

Classes redefined (0 events):
No events

Internal exceptions (20 events):
Event: 14.954 Thread 0x000001bdff0674b0 Exception <a 'java/lang/IncompatibleClassChangeError'{0x00000000c41aea40}: Found class java.lang.Object, but interface was expected> (0x00000000c41aea40) 
thrown [s\src\hotspot\share\interpreter\linkResolver.cpp, line 840]
Event: 15.295 Thread 0x000001bdff0674b0 Exception <a 'java/lang/IncompatibleClassChangeError'{0x00000000c41ba000}: Found class java.lang.Object, but interface was expected> (0x00000000c41ba000) 
thrown [s\src\hotspot\share\interpreter\linkResolver.cpp, line 840]
Event: 15.709 Thread 0x000001bd8414a020 Exception <a 'java/lang/NoSuchMethodError'{0x00000000c3ce7ea8}: 'int java.lang.invoke.DirectMethodHandle$Holder.invokeStatic(java.lang.Object)'> (0x00000000c3ce7ea8) 
thrown [s\src\hotspot\share\interpreter\linkResolver.cpp, line 773]
Event: 15.709 Thread 0x000001bd8414a020 Exception <a 'java/lang/NoSuchMethodError'{0x00000000c3ceb040}: 'int java.lang.invoke.DirectMethodHandle$Holder.invokeStaticInit(java.lang.Object)'> (0x00000000c3ceb040) 
thrown [s\src\hotspot\share\interpreter\linkResolver.cpp, line 773]
Event: 54.622 Thread 0x000001bdfee7cdc0 Exception <a 'java/lang/NoSuchMethodError'{0x00000000ce6821c8}: 'void java.lang.invoke.DirectMethodHandle$Holder.invokeStatic(java.lang.Object, long)'> (0x00000000ce6821c8) 
thrown [s\src\hotspot\share\interpreter\linkResolver.cpp, line 773]
Event: 134.907 Thread 0x000001bdff0674b0 Exception <a 'java/lang/IncompatibleClassChangeError'{0x00000000c5651618}: Found class java.lang.Object, but interface was expected> (0x00000000c5651618) 
thrown [s\src\hotspot\share\interpreter\linkResolver.cpp, line 840]
Event: 228.693 Thread 0x000001bdff0674b0 Exception <a 'java/lang/NoSuchMethodError'{0x00000000c56eca80}: 'void java.lang.invoke.DelegatingMethodHandle$Holder.reinvoke_L(java.lang.Object, java.lang.Object, int)'> (0x00000000c56eca80) 
thrown [s\src\hotspot\share\interpreter\linkResolver.cpp, line 773]
Event: 228.713 Thread 0x000001bd840c1fe0 Exception <a 'sun/nio/fs/WindowsException'{0x00000000c555bef0}> (0x00000000c555bef0) 
thrown [s\src\hotspot\share\prims\jni.cpp, line 520]
Event: 228.714 Thread 0x000001bd840c1fe0 Exception <a 'sun/nio/fs/WindowsException'{0x00000000c555c570}> (0x00000000c555c570) 
thrown [s\src\hotspot\share\prims\jni.cpp, line 520]
Event: 441.742 Thread 0x000001bd840c1fe0 Exception <a 'sun/nio/fs/WindowsException'{0x00000000c56796d8}> (0x00000000c56796d8) 
thrown [s\src\hotspot\share\prims\jni.cpp, line 520]
Event: 441.743 Thread 0x000001bd840c1fe0 Exception <a 'sun/nio/fs/WindowsException'{0x00000000c5679d10}> (0x00000000c5679d10) 
thrown [s\src\hotspot\share\prims\jni.cpp, line 520]
Event: 561.818 Thread 0x000001bd840c1fe0 Exception <a 'sun/nio/fs/WindowsException'{0x00000000c56644a8}> (0x00000000c56644a8) 
thrown [s\src\hotspot\share\prims\jni.cpp, line 520]
Event: 561.818 Thread 0x000001bd840c1fe0 Exception <a 'sun/nio/fs/WindowsException'{0x00000000c5664b08}> (0x00000000c5664b08) 
thrown [s\src\hotspot\share\prims\jni.cpp, line 520]
Event: 857.084 Thread 0x000001bdff0674b0 Exception <a 'java/lang/IncompatibleClassChangeError'{0x00000000c5650a00}: Found class java.lang.Object, but interface was expected> (0x00000000c5650a00) 
thrown [s\src\hotspot\share\interpreter\linkResolver.cpp, line 840]
Event: 937.678 Thread 0x000001bd840c1fe0 Exception <a 'sun/nio/fs/WindowsException'{0x00000000c5433800}> (0x00000000c5433800) 
thrown [s\src\hotspot\share\prims\jni.cpp, line 520]
Event: 937.678 Thread 0x000001bd840c1fe0 Exception <a 'sun/nio/fs/WindowsException'{0x00000000c5433e28}> (0x00000000c5433e28) 
thrown [s\src\hotspot\share\prims\jni.cpp, line 520]
Event: 978.975 Thread 0x000001bd840c1fe0 Exception <a 'sun/nio/fs/WindowsException'{0x00000000c5445a40}> (0x00000000c5445a40) 
thrown [s\src\hotspot\share\prims\jni.cpp, line 520]
Event: 978.975 Thread 0x000001bd840c1fe0 Exception <a 'sun/nio/fs/WindowsException'{0x00000000c5446098}> (0x00000000c5446098) 
thrown [s\src\hotspot\share\prims\jni.cpp, line 520]
Event: 1020.183 Thread 0x000001bd840c1fe0 Exception <a 'sun/nio/fs/WindowsException'{0x00000000c53cbe28}> (0x00000000c53cbe28) 
thrown [s\src\hotspot\share\prims\jni.cpp, line 520]
Event: 1020.183 Thread 0x000001bd840c1fe0 Exception <a 'sun/nio/fs/WindowsException'{0x00000000c53cc450}> (0x00000000c53cc450) 
thrown [s\src\hotspot\share\prims\jni.cpp, line 520]

ZGC Phase Switch (0 events):
No events

VM Operations (20 events):
Event: 6301.372 Executing VM operation: G1CollectFull (System.gc()) done
Event: 6311.607 Executing VM operation: G1CollectFull (System.gc())
Event: 6311.626 Executing VM operation: G1CollectFull (System.gc()) done
Event: 6321.891 Executing VM operation: G1CollectFull (System.gc())
Event: 6321.909 Executing VM operation: G1CollectFull (System.gc()) done
Event: 6332.160 Executing VM operation: G1CollectFull (System.gc())
Event: 6332.179 Executing VM operation: G1CollectFull (System.gc()) done
Event: 6342.413 Executing VM operation: G1CollectFull (System.gc())
Event: 6342.436 Executing VM operation: G1CollectFull (System.gc()) done
Event: 6352.700 Executing VM operation: G1CollectFull (System.gc())
Event: 6352.719 Executing VM operation: G1CollectFull (System.gc()) done
Event: 6362.860 Executing VM operation: G1CollectFull (System.gc())
Event: 6362.878 Executing VM operation: G1CollectFull (System.gc()) done
Event: 6373.114 Executing VM operation: G1CollectFull (System.gc())
Event: 6373.142 Executing VM operation: G1CollectFull (System.gc()) done
Event: 6383.444 Executing VM operation: G1CollectFull (System.gc())
Event: 6383.463 Executing VM operation: G1CollectFull (System.gc()) done
Event: 6393.760 Executing VM operation: G1CollectFull (System.gc())
Event: 6393.779 Executing VM operation: G1CollectFull (System.gc()) done
Event: 6404.822 Executing VM operation: G1CollectFull (System.gc())

Memory protections (0 events):
No events

Nmethod flushes (20 events):
Event: 65.098 Thread 0x000001bdbc3564b0 flushing  nmethod 0x000001bdb5687910
Event: 65.098 Thread 0x000001bdbc3564b0 flushing  nmethod 0x000001bdb57ed410
Event: 65.098 Thread 0x000001bdbc3564b0 flushing  nmethod 0x000001bdb57ed910
Event: 65.098 Thread 0x000001bdbc3564b0 flushing  nmethod 0x000001bdb57f8210
Event: 65.098 Thread 0x000001bdbc3564b0 flushing  nmethod 0x000001bdb57f9490
Event: 65.098 Thread 0x000001bdbc3564b0 flushing  nmethod 0x000001bdb5829610
Event: 65.098 Thread 0x000001bdbc3564b0 flushing  nmethod 0x000001bdb5906a90
Event: 65.098 Thread 0x000001bdbc3564b0 flushing  nmethod 0x000001bdb59d7a90
Event: 65.098 Thread 0x000001bdbc3564b0 flushing  nmethod 0x000001bdb5a18410
Event: 65.098 Thread 0x000001bdbc3564b0 flushing  nmethod 0x000001bdb5a25190
Event: 65.098 Thread 0x000001bdbc3564b0 flushing  nmethod 0x000001bdb5b41090
Event: 65.098 Thread 0x000001bdbc3564b0 flushing  nmethod 0x000001bdb5b59d10
Event: 65.098 Thread 0x000001bdbc3564b0 flushing  nmethod 0x000001bdb5b5a190
Event: 65.098 Thread 0x000001bdbc3564b0 flushing  nmethod 0x000001bdb5b7aa90
Event: 65.098 Thread 0x000001bdbc3564b0 flushing  nmethod 0x000001bdb5c13a90
Event: 65.098 Thread 0x000001bdbc3564b0 flushing  nmethod 0x000001bdb5665090
Event: 65.098 Thread 0x000001bdbc3564b0 flushing  nmethod 0x000001bdb57b0e90
Event: 65.098 Thread 0x000001bdbc3564b0 flushing  nmethod 0x000001bdb5a34090
Event: 65.098 Thread 0x000001bdbc3564b0 flushing  nmethod 0x000001bdb5b3e610
Event: 177.697 Thread 0x000001bdbc3564b0 flushing  nmethod 0x000001bdb5a4e490

Events (20 events):
Event: 134.910 Thread 0x000001bdff0674b0 Thread added: 0x000001bd84149300
Event: 291.896 Thread 0x000001bd84149300 Thread exited: 0x000001bd84149300
Event: 857.087 Thread 0x000001bdff0674b0 Thread added: 0x000001bd84148c70
Event: 876.332 Thread 0x000001bdbc3768f0 Thread added: 0x000001bdbc50a990
Event: 876.332 Thread 0x000001bdbc3768f0 Thread added: 0x000001bdbcc3e0c0
Event: 877.345 Thread 0x000001bdbcc3e0c0 Thread exited: 0x000001bdbcc3e0c0
Event: 884.409 Thread 0x000001bdbc50a990 Thread exited: 0x000001bdbc50a990
Event: 940.017 Thread 0x000001bdbc3768f0 Thread added: 0x000001bdbcc3e4d0
Event: 940.018 Thread 0x000001bdbc3768f0 Thread added: 0x000001bdbcc3c0b0
Event: 940.018 Thread 0x000001bdbc3768f0 Thread added: 0x000001bdbcc3c750
Event: 941.023 Thread 0x000001bdbcc3c750 Thread exited: 0x000001bdbcc3c750
Event: 944.054 Thread 0x000001bdbcc3c0b0 Thread exited: 0x000001bdbcc3c0b0
Event: 944.054 Thread 0x000001bdbcc3e4d0 Thread exited: 0x000001bdbcc3e4d0
Event: 972.347 Thread 0x000001bdbc3768f0 Thread added: 0x000001bdbcc3c0b0
Event: 972.347 Thread 0x000001bdbc3768f0 Thread added: 0x000001bdbcc3c750
Event: 974.359 Thread 0x000001bdbcc3c750 Thread exited: 0x000001bdbcc3c750
Event: 974.359 Thread 0x000001bdbcc3c0b0 Thread exited: 0x000001bdbcc3c0b0
Event: 996.618 Thread 0x000001bdbc3768f0 Thread added: 0x000001bdff07ffc0
Event: 1001.623 Thread 0x000001bdff07ffc0 Thread exited: 0x000001bdff07ffc0
Event: 2129.082 Thread 0x000001bd84148c70 Thread exited: 0x000001bd84148c70


Dynamic libraries:
0x00007ff7b1b70000 - 0x00007ff7b1b7e000 	c:\Users\huill\.vscode\extensions\redhat.java-1.46.0-win32-x64\jre\21.0.8-win32-x86_64\bin\java.exe
0x00007ffd704c0000 - 0x00007ffd70728000 	C:\WINDOWS\SYSTEM32\ntdll.dll
0x00007ffd6f990000 - 0x00007ffd6fa59000 	C:\WINDOWS\System32\KERNEL32.DLL
0x00007ffd6dce0000 - 0x00007ffd6e0d2000 	C:\WINDOWS\System32\KERNELBASE.dll
0x00007ffd6d830000 - 0x00007ffd6d97b000 	C:\WINDOWS\System32\ucrtbase.dll
0x00007ffce8a60000 - 0x00007ffce8a78000 	c:\Users\huill\.vscode\extensions\redhat.java-1.46.0-win32-x64\jre\21.0.8-win32-x86_64\bin\jli.dll
0x00007ffd6faf0000 - 0x00007ffd6fcb5000 	C:\WINDOWS\System32\USER32.dll
0x00007ffd6e0e0000 - 0x00007ffd6e107000 	C:\WINDOWS\System32\win32u.dll
0x00007ffd6ece0000 - 0x00007ffd6ed0b000 	C:\WINDOWS\System32\GDI32.dll
0x00007ffd6d700000 - 0x00007ffd6d82d000 	C:\WINDOWS\System32\gdi32full.dll
0x00007ffd6d650000 - 0x00007ffd6d6f3000 	C:\WINDOWS\System32\msvcp_win.dll
0x00007ffce8380000 - 0x00007ffce839e000 	c:\Users\huill\.vscode\extensions\redhat.java-1.46.0-win32-x64\jre\21.0.8-win32-x86_64\bin\VCRUNTIME140.dll
0x00007ffd56490000 - 0x00007ffd56723000 	C:\WINDOWS\WinSxS\amd64_microsoft.windows.common-controls_6595b64144ccf1df_6.0.26100.6899_none_3e0efeeae32e88c1\COMCTL32.dll
0x00007ffd6e2a0000 - 0x00007ffd6e349000 	C:\WINDOWS\System32\msvcrt.dll
0x00007ffd70050000 - 0x00007ffd7007f000 	C:\WINDOWS\System32\IMM32.DLL
0x00007ffd4e680000 - 0x00007ffd4e68c000 	c:\Users\huill\.vscode\extensions\redhat.java-1.46.0-win32-x64\jre\21.0.8-win32-x86_64\bin\vcruntime140_1.dll
0x00007ffce82f0000 - 0x00007ffce837d000 	c:\Users\huill\.vscode\extensions\redhat.java-1.46.0-win32-x64\jre\21.0.8-win32-x86_64\bin\msvcp140.dll
0x00007ffcbe3e0000 - 0x00007ffcbf177000 	c:\Users\huill\.vscode\extensions\redhat.java-1.46.0-win32-x64\jre\21.0.8-win32-x86_64\bin\server\jvm.dll
0x00007ffd6ef90000 - 0x00007ffd6f044000 	C:\WINDOWS\System32\ADVAPI32.dll
0x00007ffd6ffa0000 - 0x00007ffd70046000 	C:\WINDOWS\System32\sechost.dll
0x00007ffd6ed10000 - 0x00007ffd6ee28000 	C:\WINDOWS\System32\RPCRT4.dll
0x00007ffd6fec0000 - 0x00007ffd6ff34000 	C:\WINDOWS\System32\WS2_32.dll
0x00007ffd6d4b0000 - 0x00007ffd6d50e000 	C:\WINDOWS\SYSTEM32\POWRPROF.dll
0x00007ffd635f0000 - 0x00007ffd635fb000 	C:\WINDOWS\SYSTEM32\VERSION.dll
0x00007ffd5b340000 - 0x00007ffd5b375000 	C:\WINDOWS\SYSTEM32\WINMM.dll
0x00007ffd6d490000 - 0x00007ffd6d4a4000 	C:\WINDOWS\SYSTEM32\UMPDC.dll
0x00007ffd6c420000 - 0x00007ffd6c43b000 	C:\WINDOWS\SYSTEM32\kernel.appcore.dll
0x00007ffd42f60000 - 0x00007ffd42f6a000 	c:\Users\huill\.vscode\extensions\redhat.java-1.46.0-win32-x64\jre\21.0.8-win32-x86_64\bin\jimage.dll
0x00007ffd6adf0000 - 0x00007ffd6b032000 	C:\WINDOWS\SYSTEM32\DBGHELP.DLL
0x00007ffd6f610000 - 0x00007ffd6f98b000 	C:\WINDOWS\System32\combase.dll
0x00007ffd6f050000 - 0x00007ffd6f127000 	C:\WINDOWS\System32\OLEAUT32.dll
0x00007ffd4f6c0000 - 0x00007ffd4f6fc000 	C:\WINDOWS\SYSTEM32\dbgcore.DLL
0x00007ffd6d980000 - 0x00007ffd6da18000 	C:\WINDOWS\System32\bcryptPrimitives.dll
0x00007ffce82d0000 - 0x00007ffce82ef000 	c:\Users\huill\.vscode\extensions\redhat.java-1.46.0-win32-x64\jre\21.0.8-win32-x86_64\bin\java.dll
0x00007ffd6e580000 - 0x00007ffd6eccd000 	C:\WINDOWS\System32\SHELL32.dll
0x00007ffd6db70000 - 0x00007ffd6dcdb000 	C:\WINDOWS\System32\wintypes.dll
0x00007ffd6b2e0000 - 0x00007ffd6bb3d000 	C:\WINDOWS\SYSTEM32\windows.storage.dll
0x00007ffd6fdc0000 - 0x00007ffd6feb2000 	C:\WINDOWS\System32\SHCORE.dll
0x00007ffd70230000 - 0x00007ffd70292000 	C:\WINDOWS\System32\shlwapi.dll
0x00007ffd6d570000 - 0x00007ffd6d599000 	C:\WINDOWS\SYSTEM32\profapi.dll
0x00007ffce82b0000 - 0x00007ffce82c8000 	c:\Users\huill\.vscode\extensions\redhat.java-1.46.0-win32-x64\jre\21.0.8-win32-x86_64\bin\zip.dll
0x00007ffd6a220000 - 0x00007ffd6a230000 	C:\Users\huill\.vscode\extensions\redhat.java-1.46.0-win32-x64\jre\21.0.8-win32-x86_64\bin\net.dll
0x00007ffd64ad0000 - 0x00007ffd64bef000 	C:\WINDOWS\SYSTEM32\WINHTTP.dll
0x00007ffd6c990000 - 0x00007ffd6c9fb000 	C:\WINDOWS\system32\mswsock.dll
0x00007ffd211f0000 - 0x00007ffd21206000 	C:\Users\huill\.vscode\extensions\redhat.java-1.46.0-win32-x64\jre\21.0.8-win32-x86_64\bin\nio.dll
0x00007ffd6a210000 - 0x00007ffd6a220000 	c:\Users\huill\.vscode\extensions\redhat.java-1.46.0-win32-x64\jre\21.0.8-win32-x86_64\bin\verify.dll
0x00007ffd6cc50000 - 0x00007ffd6cc6b000 	C:\WINDOWS\SYSTEM32\CRYPTSP.dll
0x00007ffd6c380000 - 0x00007ffd6c3bb000 	C:\WINDOWS\system32\rsaenh.dll
0x00007ffd6ca30000 - 0x00007ffd6ca5b000 	C:\WINDOWS\SYSTEM32\USERENV.dll
0x00007ffd6d540000 - 0x00007ffd6d566000 	C:\WINDOWS\SYSTEM32\bcrypt.dll
0x00007ffd6cc40000 - 0x00007ffd6cc4c000 	C:\WINDOWS\SYSTEM32\CRYPTBASE.dll
0x00007ffd6be90000 - 0x00007ffd6bec4000 	C:\WINDOWS\SYSTEM32\IPHLPAPI.DLL
0x00007ffd6ee30000 - 0x00007ffd6ee3a000 	C:\WINDOWS\System32\NSI.dll
0x00007ffd56190000 - 0x00007ffd5619a000 	C:\Users\huill\.vscode\extensions\redhat.java-1.46.0-win32-x64\jre\21.0.8-win32-x86_64\bin\management.dll
0x00007ffd4fe60000 - 0x00007ffd4fe6b000 	C:\Users\huill\.vscode\extensions\redhat.java-1.46.0-win32-x64\jre\21.0.8-win32-x86_64\bin\management_ext.dll
0x00007ffd6e570000 - 0x00007ffd6e578000 	C:\WINDOWS\System32\PSAPI.DLL

JVMTI agents: none

dbghelp: loaded successfully - version: 4.0.5 - missing functions: none
symbol engine: initialized successfully - sym options: 0x614 - pdb path: .;c:\Users\huill\.vscode\extensions\redhat.java-1.46.0-win32-x64\jre\21.0.8-win32-x86_64\bin;C:\WINDOWS\SYSTEM32;C:\WINDOWS\WinSxS\amd64_microsoft.windows.common-controls_6595b64144ccf1df_6.0.26100.6899_none_3e0efeeae32e88c1;c:\Users\huill\.vscode\extensions\redhat.java-1.46.0-win32-x64\jre\21.0.8-win32-x86_64\bin\server

VM Arguments:
jvm_args: -Xmx1024m -Dsts.lsp.client=vscode -Dsts.log.file=/dev/null -XX:TieredStopAtLevel=1 -Xlog:jni+resolve=off -Dspring.config.location=file:c:\Users\huill\.vscode\extensions\vmware.vscode-spring-boot-1.56.0\language-server\BOOT-INF\classes\application.properties 
java_command: org.springframework.ide.vscode.boot.app.BootLanguageServerBootApp
java_class_path (initial): c:\Users\huill\.vscode\extensions\vmware.vscode-spring-boot-1.56.0\language-server\BOOT-INF\classes;c:\Users\huill\.vscode\extensions\vmware.vscode-spring-boot-1.56.0\language-server\BOOT-INF\lib\annotations-24.1.0.jar;c:\Users\huill\.vscode\extensions\vmware.vscode-spring-boot-1.56.0\language-server\BOOT-INF\lib\antlr4-runtime-4.13.1.jar;c:\Users\huill\.vscode\extensions\vmware.vscode-spring-boot-1.56.0\language-server\BOOT-INF\lib\asm-9.7.jar;c:\Users\huill\.vscode\extensions\vmware.vscode-spring-boot-1.56.0\language-server\BOOT-INF\lib\asm-analysis-9.7.jar;c:\Users\huill\.vscode\extensions\vmware.vscode-spring-boot-1.56.0\language-server\BOOT-INF\lib\asm-tree-9.7.jar;c:\Users\huill\.vscode\extensions\vmware.vscode-spring-boot-1.56.0\language-server\BOOT-INF\lib\asm-util-9.7.jar;c:\Users\huill\.vscode\extensions\vmware.vscode-spring-boot-1.56.0\language-server\BOOT-INF\lib\caffeine-3.1.8.jar;c:\Users\huill\.vscode\extensions\vmware.vscode-spring-boot-1.56.0\language-server\BOOT-INF\lib\checker-qual-3.12.0.jar;c:\Users\huill\.vscode\extensions\vmware.vscode-spring-boot-1.56.0\language-server\BOOT-INF\lib\classgraph-4.8.149.jar;c:\Users\huill\.vscode\extensions\vmware.vscode-spring-boot-1.56.0\language-server\BOOT-INF\lib\commons-codec-1.16.1.jar;c:\Users\huill\.vscode\extensions\vmware.vscode-spring-boot-1.56.0\language-server\BOOT-INF\lib\commons-compress-1.26.2.jar;c:\Users\huill\.vscode\extensions\vmware.vscode-spring-boot-1.56.0\language-server\BOOT-INF\lib\commons-io-2.16.1.jar;c:\Users\huill\.vscode\extensions\vmware.vscode-spring-boot-1.56.0\language-server\BOOT-INF\lib\commons-java-1.56.0-SNAPSHOT.jar;c:\Users\huill\.vscode\extensions\vmware.vscode-spring-boot-1.56.0\language-server\BOOT-INF\lib\commons-lang3-3.14.0.jar;c:\Users\huill\.vscode\extensions\vmware.vscode-spring-boot-1.56.0\language-server\BOOT-INF\lib\commons-language-server-1.56.0-SNAPSHOT.jar;c:\Users\huill\.vscode\extensions\vmware.vscode-spring-boot-1.56.0\language-server\BOOT-INF\lib\commons-lsp-extensions-1.56.0-SNAPSHOT.jar;c:\Users\huill\.vscode\extensions\vmware.vscode-spring-boot-1.56.0\language-server\BOOT-INF\lib\commons-rewrite-1.56.0-SNAPSHOT.jar;c:\Users\huill\.vscode\extensions\vmware.vscode-spring-boot-1.56.0\language-server\BOOT-INF\lib\commons-text-1.12.0.jar;c:\Users\huill\.vscode\extensions\vmware.vscode-spring-boot-1.56.0\language-server\BOOT-INF\lib\commons-util-1.56.0-SNAPSHOT.jar;c:\Users\huill\.vscode\extensions\vmware.vscode-spring-boot-1.56.0\language-server\BOOT-INF\lib\commons-yaml-1.56.0-SNAPSHOT.jar;c:\Users\huill\.vscode\extensions\vmware.vscode-spring-boot-1.56.0\language-server\BOOT-INF\lib\docker-java-api-3.3.6.jar;c:\Users\huill\.vscode\extensions\vmware.vscode-spring-boot-1.56.0\language-server\BOOT-INF\lib\docker-java-transport-3.3.6.jar;c:\Users\huill\.vscode\extensions\vmware.vscode-spring-boot-1.56.0\language-server\BOOT-INF\lib\docker-java-transport-zerodep-3.3.6.jar;c:\Users\huill\.vscode\extensions\vmware.vscode-spring-boot-1.56.0\language-server\BOOT-INF\lib\duct-tape-1.0.8.jar;c:\Users\huill\.vscode\extensions\vmware.vscode-spring-boot-1.56.0\language-server\BOOT-INF\lib\ecj-3.38.0.jar;c:\Users\huill\.vscode\extensions\vmware.vscode-spring-boot-1.56.0\language-server\BOOT-INF\lib\error_prone_annotations-2.11.0.jar;c:\Users\huill\.vscode\extensions\vmware.vscode-spring-boot-1.56.0\language-server\BOOT-INF\lib\failsafe-3.3.2.jar;c:\Users\huill\.vscode\extensions\vmware.vscode-spring-boot-1.56.0\language-server\BOOT-INF\lib\failureaccess-1.0.1.jar;c:\Users\huill\.vscode\extensions\vmware.vscode-spring-boot-1.56.0\language-server\BOOT-INF\lib\fastfilter-1.0.2.jar;c:\Users\huill\.vscode\extensions\vmware.vscode-spring-boot-1.56.0\language-server\BOOT-INF\lib\functionaljava-5.0.jar;c:\Users\huill\.vscode\extensions\vmware.vscode-spring-boot-1.56.0\language-server\BOOT-INF\lib\gizmo-1.0.11.Final.jar;c:\Users\huill\.vscode\extensions\vmware.vscode-spring-boot-1.56.0\language-server\BOOT-INF\lib\gradle-tooling-api-8.4.jar;c:\Users\huill\.vscode\extensions\vmware.vscode-spring-boot-1.56.0\language-server\BOOT-INF\lib\groovy-3.0.22.jar;c:\Users\huill\.vscode\extensions\vmware.vscode-spring-boot-1.56.0\language-server\BOOT-INF\lib\gson-2.10.1.jar;c:\Users\huill\.vscode\extensions\vmware.vscode-spring-boot-1.56.0\language-server\BOOT-INF\lib\guava-31.1-jre.jar;c:\Users\huill\.vscode\extensions\vmware.vscode-spring-boot-1.56.0\language-server\BOOT-INF\lib\hamcrest-2.2.jar;c:\Users\huill\.vscode\extensions\vmware.vscode-spring-boot-1.56.0\language-server\BOOT-INF\lib\hamcrest-core-2.2.jar;c:\Users\huill\.vscode\extensions\vmware.vscode-spring-boot-1.56.0\language-server\BOOT-INF\lib\HdrHistogram-2.2.2.jar;c:\Users\huill\.vscode\extensions\vmware.vscode-spring-boot-1.56.0\language-server\BOOT-INF\lib\isorelax-20030108.jar;c:\Users\huill\.vscode\extensions\vmware.vscode-spring-boot-1.56.0\language-server\BOOT-INF\lib\j2objc-annotations-1.3.jar;c:\Users\huill\.vscode\extensions\vmware.vscode-spring-boot-1.56.0\language-server\BOOT-INF\lib\jackson-annotations-2.17.1.jar;c:\Users\huill\.vscode\extensions\vmware.vscode-spring-boot-1.56.0\language-server\BOOT-INF\lib\jackson-core-2.17.1.jar;c:\Users\huill\.vscode\extensions\vmware.vscode-spring-boot-1.56.0\language-server\BOOT-INF\lib\jackson-databind-2.17.1.jar;c:\Users\huill\.vscode\extensions\vmware.vscode-spring-boot-1.56.0\language-server\BOOT-INF\lib\jackson-dataformat-csv-2.17.1.jar;c:\Users\huill\.vscode\extensions\vmware.vscode-spring-boot-1.56.0\language-server\BOOT-INF\lib\jackson-dataformat-smile-2.17.1.jar;c:\Users\huill\.vscode\extensions\vmware.vscode-spring-boot-1.56.0\language-server\BOOT-INF\lib\jackson-dataformat-xml-2.17.1.jar;c:\Users\huill\.vscode\extensions\vmware.vscode-spring-boot-1.56.0\language-server\BOOT-INF\lib\jackson-datatype-jdk8-2.17.1.jar;c:\Users\huill\.vscode\extensions\vmware.vscode-spring-boot-1.56.0\language-server\BOOT-INF\lib\jackson-datatype-jsr310-2.17.1.jar;c:\Users\huill\.vscode\extensions\vmware.vscode-spring-boot-1.56.0\language-server\BOOT-INF\lib\jackson-module-jaxb-annotations-2.17.1.jar;c:\Users\huill\.vscode\extensions\vmware.vscode-spring-boot-1.56.0\language-server\BOOT-INF\lib\jackson-module-parameter-names-2.17.1.jar;c:\Users\huill\.vscode\extensions\vmware.vscode-spring-boot-1.56.0\language-server\BOOT-INF\lib\jakarta.activation-api-2.1.3.jar;c:\Users\huill\.vscode\extensions\vmware.vscode-spring-boot-1.56.0\language-server\BOOT-INF\lib\jakarta.annotation-api-2.1.1.jar;c:\Users\huill\.vscode\extensions\vmware.vscode-spring-boot-1.56.0\language-server\BOOT-INF\lib\jakarta.xml.bind-api-4.0.2.jar;c:\Users\huill\.vscode\extensions\vmware.vscode-spring-boot-1.56.0\language-server\BOOT-INF\lib\jandex-3.1.6.jar;c:\Users\huill\.vscode\extensions\vmware.vscode-spring-boot-1.56.0\language-server\BOOT-INF\lib\java-object-diff-0.95.jar;c:\Users\huill\.vscode\extensions\vmware.vscode-spring-boot-1.56.0\language-server\BOOT-INF\lib\java-object-diff-1.0.1.jar;c:\Users\huill\.vscode\extensions\vmware.vscode-spring-boot-1.56.0\language-server\BOOT-INF\lib\java-properties-1.56.0-SNAPSHOT.jar;c:\Users\huill\.vscode\extensions\vmware.vscode-spring-boot-1.56.0\language-server\BOOT-INF\lib\JavaEWAH-1.2.3.jar;c:\Users\huill\.vscode\extensions\vmware.vscode-spring-boot-1.56.0\language-server\BOOT-INF\lib\javax.activation-api-1.2.0.jar;c:\Users\huill\.vscode\extensions\vmware.vscode-spring-boot-1.56.0\language-server\BOOT-INF\lib\javax.inject-1.jar;c:\Users\huill\.vscode\extensions\vmware.vscode-spring-boot-1.56.0\language-server\BOOT-INF\lib\javolution-core-java-6.0.0.jar;c:\Users\huill\.vscode\extensions\vmware.vscode-spring-boot-1.56.0\language-server\BOOT-INF\lib\jaxb-api-2.3.1.jar;c:\Users\huill\.vscode\extensions\vmware.vscode-spring-boot-1.56.0\language-server\BOOT-INF\lib\jgit-1.2.0.jar;c:\Users\huill\.vscode\extensions\vmware.vscode-spring-boot-1.56.0\language-server\BOOT-INF\lib\jing-20220510.jar;c:\Users\huill\.vscode\extensions\vmware.vscode-spring-boot-1.56.0\language-server\BOOT-INF\lib\jna-5.14.0.jar;c:\Users\huill\.vscode\extensions\vmware.vscode-spring-boot-1.56.0\language-server\BOOT-INF\lib\jna-platform-5.14.0.jar;c:\Users\huill\.vscode\extensions\vmware.vscode-spring-boot-1.56.0\language-server\BOOT-INF\lib\jpql-1.56.0-SNAPSHOT.jar;c:\Users\huill\.vscode\extensions\vmware.vscode-spring-boot-1.56.0\language-server\BOOT-INF\lib\json-20231013.jar;c:\Users\huill\.vscode\extensions\vmware.vscode-spring-boot-1.56.0\language-server\BOOT-INF\lib\jsoup-1.14.2.jar;c:\Users\huill\.vscode\extensions\vmware.vscode-spring-boot-1.56.0\language-server\BOOT-INF\lib\jsr305-3.0.2.jar;c:\Users\huill\.vscode\extensions\vmware.vscode-spring-boot-1.56.0\language-server\BOOT-INF\lib\jul-to-slf4j-2.0.13.jar;c:\Users\huill\.vscode\extensions\vmware.vscode-spring-boot-1.56.0\language-server\BOOT-INF\lib\junit-4.13.2.jar;c:\Users\huill\.vscode\extensions\vmware.vscode-spring-boot-1.56.0\language-server\BOOT-INF\lib\kotlin-compiler-embeddable-1.9.20.jar;c:\Users\huill\.vscode\extensions\vmware.vscode-spring-boot-1.56.0\language-server\BOOT-INF\lib\kotlin-daemon-embeddable-1.9.20.jar;c:\Users\huill\.vscode\extensions\vmware.vscode-spring-boot-1.56.0\language-server\BOOT-INF\lib\kotlin-reflect-1.9.20.jar;c:\Users\huill\.vscode\extensions\vmware.vscode-spring-boot-1.56.0\language-server\BOOT-INF\lib\kotlin-script-runtime-1.9.20.jar;c:\Users\huill\.vscode\extensions\vmware.vscode-spring-boot-1.56.0\language-server\BOOT-INF\lib\kotlin-stdlib-1.9.20.jar;c:\Users\huill\.vscode\extensions\vmware.vscode-spring-boot-1.56.0\language-server\BOOT-INF\lib\kotlin-stdlib-common-1.9.20.jar;c:\Users\huill\.vscode\extensions\vmware.vscode-spring-boot-1.56.0\language-server\BOOT-INF\lib\kotlin-stdlib-jdk7-1.9.20.jar;c:\Users\huill\.vscode\extensions\vmware.vscode-spring-boot-1.56.0\language-server\BOOT-INF\lib\kotlin-stdlib-jdk8-1.9.20.jar;c:\Users\huill\.vscode\extensions\vmware.vscode-spring-boot-1.56.0\language-server\BOOT-INF\lib\language-server-starter-1.56.0-SNAPSHOT.jar;c:\Users\huill\.vscode\extensions\vmware.vscode-spring-boot-1.56.0\language-server\BOOT-INF\lib\LatencyUtils-2.0.3.jar;c:\Users\huill\.vscode\extensions\vmware.vscode-spring-boot-1.56.0\language-server\BOOT-INF\lib\listenablefuture-9999.0-empty-to-avoid-conflict-with-guava.jar;c:\Users\huill\.vscode\extensions\vmware.vscode-spring-boot-1.56.0\language-server\BOOT-INF\lib\log4j-api-2.23.1.jar;c:\Users\huill\.vscode\extensions\vmware.vscode-spring-boot-1.56.0\language-server\BOOT-INF\lib\log4j-to-slf4j-2.23.1.jar;c:\Users\huill\.vscode\extensions\vmware.vscode-spring-boot-1.56.0\language-server\BOOT-INF\lib\logback-classic-1.5.6.jar;c:\Users\huill\.vscode\extensions\vmware.vscode-spring-boot-1.56.0\language-server\BOOT-INF\lib\logback-core-1.5.6.jar;c:\Users\huill\.vscode\extensions\vmware.vscode-spring-boot-1.56.0\language-server\BOOT-INF\lib\micrometer-commons-1.13.1.jar;c:\Users\huill\.vscode\extensions\vmware.vscode-spring-boot-1.56.0\language-server\BOOT-INF\lib\micrometer-core-1.13.1.jar;c:\Users\huill\.vscode\extensions\vmware.vscode-spring-boot-1.56.0\language-server\BOOT-INF\lib\micrometer-observation-1.13.1.jar;c:\Users\huill\.vscode\extensions\vmware.vscode-spring-boot-1.56.0\language-server\BOOT-INF\lib\model-2.3.1.jar;c:\Users\huill\.vscode\extensions\vmware.vscode-spring-boot-1.56.0\language-server\BOOT-INF\lib\okhttp-4.12.0.jar;c:\Users\huill\.vscode\extensions\vmware.vscode-spring-boot-1.56.0\language-server\BOOT-INF\lib\okio-3.6.0.jar;c:\Users\huill\.vscode\extensions\vmware.vscode-spring-boot-1.56.0\language-server\BOOT-INF\lib\okio-jvm-3.6.0.jar;c:\Users\huill\.vscode\extensions\vmware.vscode-spring-boot-1.56.0\language-server\BOOT-INF\lib\org.eclipse.core.commands-3.12.100.jar;c:\Users\huill\.vscode\extensions\vmware.vscode-spring-boot-1.56.0\language-server\BOOT-INF\lib\org.eclipse.core.contenttype-3.9.400.jar;c:\Users\huill\.vscode\extensions\vmware.vscode-spring-boot-1.56.0\language-server\BOOT-INF\lib\org.eclipse.core.expressions-3.9.400.jar;c:\Users\huill\.vscode\extensions\vmware.vscode-spring-boot-1.56.0\language-server\BOOT-INF\lib\org.eclipse.core.filesystem-1.10.400.jar;c:\Users\huill\.vscode\extensions\vmware.vscode-spring-boot-1.56.0\language-server\BOOT-INF\lib\org.eclipse.core.jobs-3.15.300.jar;c:\Users\huill\.vscode\extensions\vmware.vscode-spring-boot-1.56.0\language-server\BOOT-INF\lib\org.eclipse.core.resources-3.20.200.jar;c:\Users\huill\.vscode\extensions\vmware.vscode-spring-boot-1.56.0\language-server\BOOT-INF\lib\org.eclipse.core.runtime-3.31.100.jar;c:\Users\huill\.vscode\extensions\vmware.vscode-spring-boot-1.56.0\language-server\BOOT-INF\lib\org.eclipse.equinox.app-1.7.100.jar;c:\Users\huill\.vscode\extensions\vmware.vscode-spring-boot-1.56.0\language-server\BOOT-INF\lib\org.eclipse.equinox.common-3.19.100.jar;c:\Users\huill\.vscode\extensions\vmware.vscode-spring-boot-1.56.0\language-server\BOOT-INF\lib\org.eclipse.equinox.preferences-3.10.1.jar;c:\Users\huill\.vscode\extensions\vmware.vscode-spring-boot-1.56.0\language-server\BOOT-INF\lib\org.eclipse.equinox.registry-3.12.100.jar;c:\Users\huill\.vscode\extensions\vmware.vscode-spring-boot-1.56.0\language-server\BOOT-INF\lib\org.eclipse.jdt.core-3.38.0.jar;c:\Users\huill\.vscode\extensions\vmware.vscode-spring-boot-1.56.0\language-server\BOOT-INF\lib\org.eclipse.jgit-6.9.0.202403050737-r.jar;c:\Users\huill\.vscode\extensions\vmware.vscode-spring-boot-1.56.0\language-server\BOOT-INF\lib\org.eclipse.lemminx-0.24.0.jar;c:\Users\huill\.vscode\extensions\vmware.vscode-spring-boot-1.56.0\language-server\BOOT-INF\lib\org.eclipse.lsp4j-0.19.0.jar;c:\Users\huill\.vscode\extensions\vmware.vscode-spring-boot-1.56.0\language-server\BOOT-INF\lib\org.eclipse.lsp4j.generator-0.19.0.jar;c:\Users\huill\.vscode\extensions\vmware.vscode-spring-boot-1.56.0\language-server\BOOT-INF\lib\org.eclipse.lsp4j.jsonrpc-0.19.0.jar;c:\Users\huill\.vscode\extensions\vmware.vscode-spring-boot-1.56.0\language-server\BOOT-INF\lib\org.eclipse.osgi-3.20.0.jar;c:\Users\huill\.vscode\extensions\vmware.vscode-spring-boot-1.56.0\language-server\BOOT-INF\lib\org.eclipse.text-3.14.100.jar;c:\Users\huill\.vscode\extensions\vmware.vscode-spring-boot-1.56.0\language-server\BOOT-INF\lib\org.eclipse.xtend.lib-2.28.0.jar;c:\Users\huill\.vscode\extensions\vmware.vscode-spring-boot-1.56.0\language-server\BOOT-INF\lib\org.eclipse.xtend.lib.macro-2.28.0.jar;c:\Users\huill\.vscode\extensions\vmware.vscode-spring-boot-1.56.0\language-server\BOOT-INF\lib\org.eclipse.xtext.xbase.lib-2.28.0.jar;c:\Users\huill\.vscode\extensions\vmware.vscode-spring-boot-1.56.0\language-server\BOOT-INF\lib\org.json-1.0.0-SNAPSHOT.jar;c:\Users\huill\.vscode\extensions\vmware.vscode-spring-boot-1.56.0\language-server\BOOT-INF\lib\org.osgi.service.prefs-1.1.2.jar;c:\Users\huill\.vscode\extensions\vmware.vscode-spring-boot-1.56.0\language-server\BOOT-INF\lib\osgi.annotation-8.1.0.jar;c:\Users\huill\.vscode\extensions\vmware.vscode-spring-boot-1.56.0\language-server\BOOT-INF\lib\reactive-streams-1.0.4.jar;c:\Users\huill\.vscode\extensions\vmware.vscode-spring-boot-1.56.0\language-server\BOOT-INF\lib\reactor-core-3.6.7.jar;c:\Users\huill\.vscode\extensions\vmware.vscode-spring-boot-1.56.0\language-server\BOOT-INF\lib\remark-1.0.0.jar;c:\Users\huill\.vscode\extensions\vmware.vscode-spring-boot-1.56.0\language-server\BOOT-INF\lib\rewrite-analysis-2.9.2.jar;c:\Users\huill\.vscode\extensions\vmware.vscode-spring-boot-1.56.0\language-server\BOOT-INF\lib\rewrite-core-8.29.0.jar;c:\Users\huill\.vscode\extensions\vmware.vscode-spring-boot-1.56.0\language-server\BOOT-INF\lib\rewrite-github-actions-2.6.2.jar;c:\Users\huill\.vscode\extensions\vmware.vscode-spring-boot-1.56.0\language-server\BOOT-INF\lib\rewrite-gradle-8.29.0.jar;c:\Users\huill\.vscode\extensions\vmware.vscode-spring-boot-1.56.0\language-server\BOOT-INF\lib\rewrite-groovy-8.29.0.jar;c:\Users\huill\.vscode\extensions\vmware.vscode-spring-boot-1.56.0\language-server\BOOT-INF\lib\rewrite-hibernate-1.8.0.jar;c:\Users\huill\.vscode\extensions\vmware.vscode-spring-boot-1.56.0\language-server\BOOT-INF\lib\rewrite-java-11-8.29.0.jar;c:\Users\huill\.vscode\extensions\vmware.vscode-spring-boot-1.56.0\language-server\BOOT-INF\lib\rewrite-java-17-8.29.0.jar;c:\Users\huill\.vscode\extensions\vmware.vscode-spring-boot-1.56.0\language-server\BOOT-INF\lib\rewrite-java-21-8.29.0.jar;c:\Users\huill\.vscode\extensions\vmware.vscode-spring-boot-1.56.0\language-server\BOOT-INF\lib\rewrite-java-8-8.29.0.jar;c:\Users\huill\.vscode\extensions\vmware.vscode-spring-boot-1.56.0\language-server\BOOT-INF\lib\rewrite-java-8.29.0.jar;c:\Users\huill\.vscode\extensions\vmware.vscode-spring-boot-1.56.0\language-server\BOOT-INF\lib\rewrite-java-dependencies-1.12.0.jar;c:\Users\huill\.vscode\extensions\vmware.vscode-spring-boot-1.56.0\language-server\BOOT-INF\lib\rewrite-jenkins-0.8.2.jar;c:\Users\huill\.vscode\extensions\vmware.vscode-spring-boot-1.56.0\language-server\BOOT-INF\lib\rewrite-kotlin-1.18.2.jar;c:\Users\huill\.vscode\extensions\vmware.vscode-spring-boot-1.56.0\language-server\BOOT-INF\lib\rewrite-maven-8.29.0.jar;c:\Users\huill\.vscode\extensions\vmware.vscode-spring-boot-1.56.0\language-server\BOOT-INF\lib\rewrite-migrate-java-2.19.0.jar;c:\Users\huill\.vscode\extensions\vmware.vscode-spring-boot-1.56.0\language-server\BOOT-INF\lib\rewrite-openapi-0.5.2.jar;c:\Users\huill\.vscode\extensions\vmware.vscode-spring-boot-1.56.0\language-server\BOOT-INF\lib\rewrite-properties-8.29.0.jar;c:\Users\huill\.vscode\extensions\vmware.vscode-spring-boot-1.56.0\language-server\BOOT-INF\lib\rewrite-spring-5.14.0.jar;c:\Users\huill\.vscode\extensions\vmware.vscode-spring-boot-1.56.0\language-server\BOOT-INF\lib\rewrite-static-analysis-1.11.0.jar;c:\Users\huill\.vscode\extensions\vmware.vscode-spring-boot-1.56.0\language-server\BOOT-INF\lib\rewrite-templating-1.11.2.jar;c:\Users\huill\.vscode\extensions\vmware.vscode-spring-boot-1.56.0\language-server\BOOT-INF\lib\rewrite-testing-frameworks-2.13.0.jar;c:\Users\huill\.vscode\extensions\vmware.vscode-spring-boot-1.56.0\language-server\BOOT-INF\lib\rewrite-xml-8.29.0.jar;c:\Users\huill\.vscode\extensions\vmware.vscode-spring-boot-1.56.0\language-server\BOOT-INF\lib\rewrite-yaml-8.29.0.jar;c:\Users\huill\.vscode\extensions\vmware.vscode-spring-boot-1.56.0\language-server\BOOT-INF\lib\slf4j-api-2.0.13.jar;c:\Users\huill\.vscode\extensions\vmware.vscode-spring-boot-1.56.0\language-server\BOOT-INF\lib\snakeyaml-2.2.jar;c:\Users\huill\.vscode\extensions\vmware.vscode-spring-boot-1.56.0\language-server\BOOT-INF\lib\snappy-java-1.1.10.5.jar;c:\Users\huill\.vscode\extensions\vmware.vscode-spring-boot-1.56.0\language-server\BOOT-INF\lib\spring-aop-6.1.10.jar;c:\Users\huill\.vscode\extensions\vmware.vscode-spring-boot-1.56.0\language-server\BOOT-INF\lib\spring-beans-6.1.10.jar;c:\Users\huill\.vscode\extensions\vmware.vscode-spring-boot-1.56.0\language-server\BOOT-INF\lib\spring-boot-3.3.1.jar;c:\Users\huill\.vscode\extensions\vmware.vscode-spring-boot-1.56.0\language-server\BOOT-INF\lib\spring-boot-autoconfigure-3.3.1.jar;c:\Users\huill\.vscode\extensions\vmware.vscode-spring-boot-1.56.0\language-server\BOOT-INF\lib\spring-boot-jarmode-tools-3.3.1.jar;c:\Users\huill\.vscode\extensions\vmware.vscode-spring-boot-1.56.0\language-server\BOOT-INF\lib\spring-context-6.1.10.jar;c:\Users\huill\.vscode\extensions\vmware.vscode-spring-boot-1.56.0\language-server\BOOT-INF\lib\spring-context-indexer-6.1.10.jar;c:\Users\huill\.vscode\extensions\vmware.vscode-spring-boot-1.56.0\language-server\BOOT-INF\lib\spring-core-6.1.10.jar;c:\Users\huill\.vscode\extensions\vmware.vscode-spring-boot-1.56.0\language-server\BOOT-INF\lib\spring-expression-6.1.10.jar;c:\Users\huill\.vscode\extensions\vmware.vscode-spring-boot-1.56.0\language-server\BOOT-INF\lib\spring-jcl-6.1.10.jar;c:\Users\huill\.vscode\extensions\vmware.vscode-spring-boot-1.56.0\language-server\BOOT-INF\lib\spring-web-6.1.10.jar;c:\Users\huill\.vscode\extensions\vmware.vscode-spring-boot-1.56.0\language-server\BOOT-INF\lib\stax2-api-4.2.2.jar;c:\Users\huill\.vscode\extensions\vmware.vscode-spring-boot-1.56.0\language-server\BOOT-INF\lib\testcontainers-1.19.8.jar;c:\Users\huill\.vscode\extensions\vmware.vscode-spring-boot-1.56.0\language-server\BOOT-INF\lib\trove4j-1.0.20200330.jar;c:\Users\huill\.vscode\extensions\vmware.vscode-spring-boot-1.56.0\language-server\BOOT-INF\lib\woodstox-core-6.6.2.jar;c:\Users\huill\.vscode\extensions\vmware.vscode-spring-boot-1.56.0\language-server\BOOT-INF\lib\xercesImpl-2.12.2.jar;c:\Users\huill\.vscode\extensions\vmware.vscode-spring-boot-1.56.0\language-server\BOOT-INF\lib\xml-apis-1.4.01.jar;c:\Users\huill\.vscode\extensions\vmware.vscode-spring-boot-1.56.0\language-server\BOOT-INF\lib\xml-resolver-1.2.jar
Launcher Type: SUN_STANDARD

[Global flags]
     intx CICompilerCount                          = 4                                         {product} {ergonomic}
     uint ConcGCThreads                            = 2                                         {product} {ergonomic}
     uint G1ConcRefinementThreads                  = 8                                         {product} {ergonomic}
   size_t G1HeapRegionSize                         = 1048576                                   {product} {ergonomic}
    uintx GCDrainStackTargetSize                   = 64                                        {product} {ergonomic}
   size_t InitialHeapSize                          = 266338304                                 {product} {ergonomic}
   size_t MarkStackSize                            = 4194304                                   {product} {ergonomic}
   size_t MaxHeapSize                              = 1073741824                                {product} {command line}
   size_t MaxNewSize                               = 643825664                                 {product} {ergonomic}
   size_t MinHeapDeltaBytes                        = 1048576                                   {product} {ergonomic}
   size_t MinHeapSize                              = 8388608                                   {product} {ergonomic}
    uintx NonNMethodCodeHeapSize                   = 4096                                   {pd product} {ergonomic}
    uintx NonProfiledCodeHeapSize                  = 0                                      {pd product} {ergonomic}
     bool ProfileInterpreter                       = false                                  {pd product} {command line}
    uintx ProfiledCodeHeapSize                     = 0                                      {pd product} {ergonomic}
   size_t SoftMaxHeapSize                          = 1073741824                             {manageable} {ergonomic}
     intx TieredStopAtLevel                        = 1                                         {product} {command line}
     bool UseCompressedOops                        = true                           {product lp64_product} {ergonomic}
     bool UseG1GC                                  = true                                      {product} {ergonomic}
     bool UseLargePagesIndividualAllocation        = false                                  {pd product} {ergonomic}

Logging:
Log output configuration:
 #0: stdout all=warning,jni+resolve=off uptime,level,tags foldmultilines=false
 #1: stderr all=off uptime,level,tags foldmultilines=false

Environment Variables:
PATH=C:\Python313\Scripts\;C:\Python313\;C:\Users\huill\AppData\Local\Programs\Python\Python312\Scripts\;C:\Users\huill\AppData\Local\Programs\Python\Python312\;C:\Program Files (x86)\Common Files\Intel\Shared Libraries\redist\intel64\compiler;C:\Program Files\Common Files\Oracle\Java\javapath;C:\Windows\system32;C:\Windows;C:\Windows\System32\Wbem;C:\Windows\System32\WindowsPowerShell\v1.0\;C:\Windows\System32\OpenSSH\;C:\Program Files (x86)\NVIDIA Corporation\PhysX\Common;C:\Program Files\NVIDIA Corporation\NVIDIA NvDLISR;C:\Program Files\Microsoft VS Code\bin;C:\Program Files\lua;C:\Program Files (x86)\Microsoft SQL Server\160\Tools\Binn\;C:\Program Files\Microsoft SQL Server\160\Tools\Binn\;C:\Program Files\Microsoft SQL Server\Client SDK\ODBC\170\Tools\Binn\;C:\Program Files\Microsoft SQL Server\160\DTS\Binn\;C:\Program Files (x86)\Microsoft SQL Server\160\DTS\Binn\;C:\Program Files\Azure Data Studio\bin;C:\Program Files\dotnet\;C:\Program Files\Microsoft SQL Server\150\Tools\Binn\;C:\Program Files\Git\cmd;C:\ProgramData\chocolatey\bin;C:\WINDOWS\system32;C:\WINDOWS;C:\WINDOWS\System32\Wbem;C:\WINDOWS\System32\WindowsPowerShell\v1.0\;C:\WINDOWS\System32\OpenSSH\;C:\Users\huill\Desktop\ToolsPhyton\Graphviz-12.2.1-win64\bin;C:\Users\huill\Desktop\JAVA_mavens\apache-maven-3.9.10-bin\apache-maven-3.9.10\bin;C:\Program Files\Docker\Docker\resources\bin;C:\Users\huill\AppData\Local\nvm;C:\nvm4w\nodejs;C:\Program Files\MySQL\MySQL Shell 8.0\bin\;C:\Users\huill\AppData\Local\Programs\Python\Launcher\;C:\Program Files (x86)\Common Files\Intel\Shared Libraries\redist\intel64_win\compiler;C:\Users\huill\AppData\Local\Microsoft\WindowsApps;C:\Program Files\Azure Data Studio\bin;C:\Program Files\Java\jdk-17\bin;C:\Users\huill\.dotnet\tools;C:\Program Files\JetBrains\IntelliJ IDEA Community Edition 2023.3.5\bin;;C:\msys64\mingw64\bin;C:\Users\huill\AppData\Local\Programs\Python\Python312\;C:\Users\huill\AppData\Local\Programs\Python\Python312\Scripts\;C:\Users\huill\Desktop\JAVA_mavens\apache-maven-3.9.10-bin\apache-maven-3.9.10\bin;C:\Users\huill\AppData\Roaming\npm;C:\Users\huill\AppData\Local\nvm;C:\nvm4w\nodejs
USERNAME=huill
OS=Windows_NT
PROCESSOR_IDENTIFIER=Intel64 Family 6 Model 165 Stepping 2, GenuineIntel
TMP=C:\Users\huill\AppData\Local\Temp
TEMP=C:\Users\huill\AppData\Local\Temp




Periodic native trim disabled

---------------  S Y S T E M  ---------------

OS:
 Windows 11 , 64 bit Build 26100 (10.0.26100.6725)
OS uptime: 3 days 13:20 hours

CPU: total 8 (initial active 8) (4 cores per cpu, 2 threads per core) family 6 model 165 stepping 2 microcode 0xe0, cx8, cmov, fxsr, ht, mmx, 3dnowpref, sse, sse2, sse3, ssse3, sse4.1, sse4.2, popcnt, lzcnt, tsc, tscinvbit, avx, avx2, aes, erms, clmul, bmi1, bmi2, adx, fma, vzeroupper, clflush, clflushopt, rdtscp, f16c, pku
Processor Information for the first 8 processors :
  Max Mhz: 2496, Current Mhz: 2496, Mhz Limit: 2496

Memory: 4k page, system-wide physical 16221M (3501M free)
TotalPageFile size 24413M (AvailPageFile size 5M)
current process WorkingSet (physical memory assigned to process): 63M, peak: 203M
current process commit charge ("private bytes"): 236M, peak: 377M

vm_info: OpenJDK 64-Bit Server VM (21.0.8+9-LTS) for windows-amd64 JRE (21.0.8+9-LTS), built on 2025-07-15T00:00:00Z by "admin" with MS VC++ 17.7 (VS2022)

END.
